   This run of MOLCAS is using the pymolcas driver

                                                  EPO
              OS   A CLOMNE  POSAC  LOMN          EPO
              PO  SA     CL OM  NE PO  SA        CLOMN        EPO
              NE POS     AC LO  MN EP  OS        AC LO       MNEPO
              LOMNEP   OSAC  LOMNE PO  SA       CL   OM      NE PO
              OSA CL     OM     NE PO  SA       CL   OM     NE  PO
              PO  SA     CL     OM NE  PO       SA  C  LOMN  E   PO
              M   NE POSACL     OM  NEPO        SA CL   OMN   E  PO
                                               OS  ACL  OM   NEP  O
                                             PO    SAC   L   OMN   EPO
                                         EPOSAC   LOMNE     POSAC  LOMNEPO
                                      EPOSACLOM   NEPOSACLOMNEPOS   ACLOMNEPO
                                     SAC    LOM   NE           PO   SACLOMNEPO
                                     ACL     O        MNE  PO       SACLOMNEPO
                                     OMN  E  P     OSACLOM  NEPO    SACLOMNEPO
                                     LOM  N  E               PO     SACLOMNEPO
               SACL    OM    NEPO    SAC  L  O   MNEP           OS   ACLOMNEPO
              O   SA  CLOM  NE  PO   SAC  L  O   MNE           POS   ACLOMNEPO
                  OM NE  PO      S   ACL  O      MN           EPOS   ACLOMNEPO
               EPOS  AC  LO      M   NEP  O         SA                CLOMNEPO
              SA     CLOMNE      P   OSA  C        LOMN  EPOSACL        OMNEPO
              OM   N EP  OS AC  LO   MN   E     P     OS  ACL      OMN     EPO
               OMNE  P    O  SACL        OMN   EPOS            ACLOMNEPO
                                      ACLOMNEPOSACLOMNEPOSACLOMNEPOSACLOMNEPO
                                         EPOSACLOMNEPOSACLOMNEPOSACLOMNEPO
                                             MNEPOSACLOMNEPOSACLOMNEPO
                          20.42 :noisrev        ACLOMNEPOSACLOMNEPO
                                                    OSACLOMNEPO
                     f8c40b116g-621 :gat                EPO

            ti yfidom ro/dna ti etubirtsider nac uoy ;erawtfos eerf si sacloMnepO
            .1.2 noisrev esneciL cilbuP lareneG resseL UNG eht fo smret eht rednu
             ti tub ,lufesu eb lliw ti taht epoh eht ni detubirtsid si sacloMnepO
               .seitnarraw deilpmi ro sserpxe yna tuohtiw dna "si sa" dedivorp si
                    elif eht ni esnecil eht fo txet lluf eht ees sliated erom roF
                                    .>/sesnecil/gro.ung.www//:ptth< ni ro ESNECIL

                             srohtuA sacloMnepO ehT )C( thgirypoC
                      ,noitatic dednemmocer eht dna tsil rohtua eht roF
                               dm.SROTUBIRTNOC elif eht tlusnoc

           *************************************************
           * pymolcas version py2.28                       *
           *   build c4a6d18ded8cb6cad61d2372a9abd97c      *
           *   (after the EMIL interpreter by V. Veryazov) *
           *************************************************

configuration info
------------------
Host name: debian (Linux)
C Compiler ID: GNU
C flags: -std=gnu99
Fortran Compiler ID: Intel
Fortran flags: -fpp -i8 -heap-arrays
Definitions: _MOLCAS_;_I8_;_LINUX_
Parallel: OFF (GA=OFF)


   -----------------------------------------------------------------
  |
  |              Project: 0.70
  |       Submitted from: /home/grierjones/DDCASPT2/delta_ML/CC/0.70
  |         Scratch area: /tmp/0.70
  |      Save outputs to: /home/grierjones/DDCASPT2/delta_ML/CC/0.70
  |               Molcas: /usr/local
  |
  | Scratch area is empty
  |
  |       MOLCAS_DRIVER = /usr/local/pymolcas
  | MOLCAS_KEEP_WORKDIR = NO
  |  MOLCAS_NEW_WORKDIR = YES
  |       MOLCAS_NPROCS = 1
  |       MOLCAS_SOURCE = /usr/local
  |    MOLCAS_STRUCTURE = 0
  |
   -----------------------------------------------------------------

++ ---------   Input file   ---------

&GATEWAY
coord=0.70.xyz
Basis = ANO-RCC-MB
Group = nosymm
End of Input

&SEWARD
End of Input

&SCF
UHF

&MBPT2

&RASSCF
Title= RASSCF
FileOrb
/home/grierjones/DDCASPT2/delta_ML/CC/0.60/0.60.RasOrb

NACTEL
2 0 0
Inactive
4
RAS2
2
Symmetry
1
Spin
1
orblisting
all
ITERation
200 100
CIMX
200
SDAV
500

&CASPT2
Imaginary Shift
0.0

-- ----------------------------------

--- Start Module: gateway at Mon Apr  1 18:33:08 2024 ---
 
()()()()()()()()()()()()()()()()()()()()()()()()()()()()()()()()()()()()()()()()()()()()()()()()()()

                                              &GATEWAY

                                   only a single process is used
                       available to each process: 2.0 GB of memory, 1 thread?
                                            pid: 243137
()()()()()()()()()()()()()()()()()()()()()()()()()()()()()()()()()()()()()()()()()()()()()()()()()()
 
 
++    Symmetry information:
      ---------------------
 
                    Character Table for C1 
 
                             E  
                    a        1  x, y, xy, Rz, z, xz, Ry, yz, Rx, I
--
 
 
++    Basis set information:
      ----------------------
 
 
      Basis set label: C.ANO-RCC...2S1P.
 
      Electronic valence basis set:
      ------------------
      Associated Effective Charge   6.000000 au
      Associated Actual Charge      6.000000 au
      Nuclear Model: Point charge
 
      Shell  nPrim  nBasis  Cartesian Spherical Contaminant
         s      14       2        X                  
         p       9       1        X                  
--
 
 
++    Molecular structure info:
      -------------------------
 
                    ************************************************ 
                    **** Cartesian Coordinates / Bohr, Angstrom **** 
                    ************************************************ 
 
     Center  Label                x              y              z                     x              y              z
        1      C1               0.000000       0.000000       0.000000              0.000000       0.000000       0.000000
        2      C2               0.000000       0.000000       1.322808              0.000000       0.000000       0.700000
--
 
 
            Nuclear Potential Energy             27.21482799 au
 
--- Stop Module: gateway at Mon Apr  1 18:33:08 2024 /rc=_RC_ALL_IS_WELL_ ---
*** files: xmldump
    saved to directory /home/grierjones/DDCASPT2/delta_ML/CC/0.70

--- Start Module: seward at Mon Apr  1 18:33:08 2024 ---
 
()()()()()()()()()()()()()()()()()()()()()()()()()()()()()()()()()()()()()()()()()()()()()()()()()()

                                              &SEWARD

                                   only a single process is used
                       available to each process: 2.0 GB of memory, 1 thread?
                                            pid: 243140
()()()()()()()()()()()()()()()()()()()()()()()()()()()()()()()()()()()()()()()()()()()()()()()()()()
 
               SEWARD will generate:
                  Multipole Moment integrals up to order  2
                  Kinetic Energy integrals
                  Nuclear Attraction integrals (point charge)
                  One-Electron Hamiltonian integrals
                  Velocity integrals
                  Relativistic Douglas-Kroll-Hess integrals:
                    - Parametrization         : EXP
                    - DKH order of Hamiltonian: 2
                    - DKH order of Properties : 0
                         - multipole moment operators
                         - electric potential operators
                         - contact operators
                  Orbital angular momentum around ( 0.0000  0.0000  0.6614 )
                  Velocity quadrupole around ( 0.0000  0.0000  0.6614 )
                  Atomic mean-field integrals
                  Two-Electron Repulsion integrals
 
                   Integrals are discarded if absolute value <: 1.00E-14
                   Integral cutoff threshold is set to       <: 1.00E-16
 
            Nuclear Potential Energy             27.21482799 au
 
 
      Basis set specifications :
      Symmetry species         a  
      Basis functions           10
 
 
      Input file to MOLDEN was generated!
 
--- Stop Module: seward at Mon Apr  1 18:33:08 2024 /rc=_RC_ALL_IS_WELL_ ---
*** files: 0.70.GssOrb 0.70.guessorb.h5 0.70.guessorb.molden xmldump
    saved to directory /home/grierjones/DDCASPT2/delta_ML/CC/0.70

*** symbolic link created: INPORB -> 0.70.GssOrb
--- Start Module: scf at Mon Apr  1 18:33:08 2024 ---
 
()()()()()()()()()()()()()()()()()()()()()()()()()()()()()()()()()()()()()()()()()()()()()()()()()()

                                                &SCF

                                   only a single process is used
                       available to each process: 2.0 GB of memory, 1 thread?
                                            pid: 243143
()()()()()()()()()()()()()()()()()()()()()()()()()()()()()()()()()()()()()()()()()()()()()()()()()()
 
++    Input section:
      --------------
 
      Header of the integral files:
      
       Integrals generated by Gateway/Seward, Mon Apr  1 18:33:08 2024
 
 
      Cartesian coordinates in Angstrom:
      -----------------------------------------------------
      No.  Label        X            Y            Z        
      -----------------------------------------------------
       1   C1         0.00000000   0.00000000   0.00000000
       2   C2         0.00000000   0.00000000   0.70000000
      -----------------------------------------------------
      Nuclear repulsion energy =   27.21482799
--
 
++    Orbital specifications:
      -----------------------
 
      Symmetry species               1
                                     a
      Frozen orbitals                0
      Occupied orbitals alpha        6
      Occupied orbitals beta         6
      Secondary orbitals alpha       4
      Secondary orbitals beta        4
      Deleted orbitals               0
      Total number of orbitals      10
      Number of basis functions     10
--
 
      Molecular charge                           0.000
 
++    Optimization specifications:
      ----------------------------
 
      SCF Algorithm: Conventional USCF
      D(i)-D(i-1) density differences are used
      Number of density matrices in core                 5
      Maximum number of NDDO SCF iterations            400
      Maximum number of HF SCF iterations              400
      Threshold for SCF energy change             1.00E-09
      Threshold for density matrix                1.00E-04
      Threshold for Fock matrix                   1.50E-04
      Threshold for linear dependence             1.00E-09
      Threshold at which DIIS is turned on        1.50E-01
      Maximum depth in the DIIS procedure                5
      Maximum depth in the BFGS Hessian update          30
      Threshold at which QNR/C2DIIS is turned on  7.50E-02
      Threshold for Norm(delta) (QNR/C2DIIS)      1.00E-03
      All orbitals punched on: UHFORB
--
 
      Input vectors read from INPORB
      Orbital file label: *Guess orbitals
 
 
++ Convergence information
                               UHF SCF        iterations: Energy and convergence statistics
 
Iter     Tot. SCF        One-elec.       Two-elec.     Energy      Max Dij or  Max Fij      DNorm      TNorm      AccCon     Time
         Energy          Energy          Energy        Change      Delta Norm                                                in Sec.
   1   -73.314094063  -145.278138083    44.749216031   0.00E+00    3.99E-01*   2.20E-01*    4.27E+00   2.48E+01   None         0.
   2   -73.451424496  -146.329083632    45.662831146  -1.37E-01*   1.25E-01*   7.10E-02*    1.73E+00   2.51E+01   EDIIS        0.
   3   -73.463450498  -146.605844547    45.927566060  -1.20E-02*   3.54E-03*   3.82E-02*    2.59E-01   2.51E+01   c2DIIS       0.
   4   -73.465151964  -146.744226518    46.064246565  -1.70E-03*   8.57E-04    7.15E-04*    7.61E-02   2.52E+01   QNRc2DIIS    0.
   5   -73.465152447  -146.745091947    46.065111511  -4.83E-07*   3.69E-04    1.07E-04     7.48E-03   2.52E+01   QNRc2DIIS    0.
   6   -73.465152482  -146.745578971    46.065598499  -3.59E-08*   6.91E-05    2.18E-05     1.41E-03   2.52E+01   QNRc2DIIS    0.
 DIIS_X: Reduction of the subspace dimension due to numerical imbalance of the v
 alues in the B-Matrix
 kOptim=                     4 -> kOptim=                     3
   7   -73.465152484  -146.745677646    46.065697173  -1.12E-09*   4.53E-08    1.28E-07     2.77E-04   2.52E+01   QNRc2DIIS    0.
 DIIS_X: Reduction of the subspace dimension due to numerical imbalance of the v
 alues in the B-Matrix
 kOptim=                     4 -> kOptim=                     3
 DIIS_X: Reduction of the subspace dimension due to numerical imbalance of the v
 alues in the B-Matrix
 kOptim=                     3 -> kOptim=                     2
   8   -73.465152484  -146.745677599    46.065697126  -2.84E-14    1.52E-09    4.78E-09     4.32E-07   2.52E+01   QNRc2DIIS    0.
 
       Convergence after   8 Macro Iterations
--
 
 *****************************************************************************************************************************
 *                                                                                                                           *
 *                                             SCF/KS-DFT Program, Final results                                             *
 *                                                                                                                           *
 *                                                                                                                           *
 *                                                                                                                           *
 *                                                       Final Results                                                       *
 *                                                                                                                           *
 *****************************************************************************************************************************
 
::    Total SCF energy                                -73.4651524836
      One-electron energy                            -146.7456775987
      Two-electron energy                              46.0656971258
      Nuclear repulsion energy                         27.2148279893
      Kinetic energy (interpolated)                    78.4313813017
      Virial theorem                                    0.9366805896
      Total spin, S(S+1)                               -0.0000000000
      Total spin, S                                    -0.0000000000
      Max non-diagonal density matrix element           0.0000000008
      Max non-diagonal Fock matrix element              0.0000000000
 
 
      All orbitals with orbital energies smaller than  E(LUMO)+0.5 are printed
 
++    Molecular orbitals:
      -------------------
 
      Title: UHF orbitals (alpha)

      Molecular orbitals for symmetry species 1: a  
 
          Orbital            1         2         3         4         5         6         7    
          Energy          -12.0132  -11.8268   -1.3167   -0.8109   -0.8109   -0.5287   -0.1840
          Occ. No.          1.0000    1.0000    1.0000    1.0000    1.0000    1.0000    0.0000
 
        1 C1     1s         0.6969   -0.7222   -0.1668   -0.0000    0.0000   -0.0065    0.1490
        2 C1     2s        -0.0034   -0.0236    0.4136   -0.0000    0.0000   -0.6039    0.4057
        3 C1     2px       -0.0000    0.0000   -0.0000    0.5371   -0.1026   -0.0000    0.0000
        4 C1     2py        0.0000    0.0000    0.0000    0.1026    0.5371   -0.0000   -0.0000
        5 C1     2pz        0.0146   -0.0138    0.3525    0.0000    0.0000    0.3981   -0.8151
        6 C2     1s         0.6969    0.7222   -0.1668   -0.0000   -0.0000    0.0065    0.1490
        7 C2     2s        -0.0034    0.0236    0.4136    0.0000    0.0000    0.6039    0.4057
        8 C2     2px        0.0000    0.0000    0.0000    0.5371   -0.1026   -0.0000   -0.0000
        9 C2     2py       -0.0000   -0.0000   -0.0000    0.1026    0.5371   -0.0000   -0.0000
       10 C2     2pz       -0.0146   -0.0138   -0.3525   -0.0000    0.0000    0.3981    0.8151
--
 
 
      Input file to MOLDEN was generated!
 
 
++    Static properties:
      ------------------
 
 
      LoProp Charges per center
 

                   C1       C2    
      Nuclear      6.0000   6.0000
      Electronic  -6.0000  -6.0000
 
      Total        0.0000  -0.0000
--
 
 
      All orbitals with orbital energies smaller than  E(LUMO)+0.5 are printed
 
++    Molecular orbitals:
      -------------------
 
      Title: UHF orbitals (beta)

      Molecular orbitals for symmetry species 1: a  
 
          Orbital            1         2         3         4         5         6         7    
          Energy          -12.0132  -11.8268   -1.3167   -0.8109   -0.8109   -0.5287   -0.1840
          Occ. No.          1.0000    1.0000    1.0000    1.0000    1.0000    1.0000    0.0000
 
        1 C1     1s         0.6969   -0.7222   -0.1668   -0.0000    0.0000   -0.0065    0.1490
        2 C1     2s        -0.0034   -0.0236    0.4136   -0.0000    0.0000   -0.6039    0.4057
        3 C1     2px       -0.0000    0.0000   -0.0000    0.5371   -0.1026   -0.0000    0.0000
        4 C1     2py        0.0000    0.0000    0.0000    0.1026    0.5371   -0.0000   -0.0000
        5 C1     2pz        0.0146   -0.0138    0.3525    0.0000    0.0000    0.3981   -0.8151
        6 C2     1s         0.6969    0.7222   -0.1668   -0.0000   -0.0000    0.0065    0.1490
        7 C2     2s        -0.0034    0.0236    0.4136    0.0000    0.0000    0.6039    0.4057
        8 C2     2px        0.0000    0.0000    0.0000    0.5371   -0.1026   -0.0000   -0.0000
        9 C2     2py       -0.0000   -0.0000   -0.0000    0.1026    0.5371   -0.0000   -0.0000
       10 C2     2pz       -0.0146   -0.0138   -0.3525   -0.0000    0.0000    0.3981    0.8151
--
 
 
++    Molecular charges:
      ------------------
 
      Mulliken charges per centre and basis function type
      ---------------------------------------------------
 
                            C1                      C2    
                     alpha        beta       alpha        beta
      1s           1.0039      1.0039      1.0039      1.0039
      2s           0.5483      0.5483      0.5483      0.5483
      2px          0.5000      0.5000      0.5000      0.5000
      2pz          0.4478      0.4478      0.4478      0.4478
      2py          0.5000      0.5000      0.5000      0.5000
      Total        3.0000      3.0000      3.0000      3.0000
      Total              6.0000                  6.0000
 
      Charge           -0.0000                  0.0000
 
      Total electronic charge=   12.000000
 
      Total            charge=   -0.000000
--
 
 
      Input file to MOLDEN was generated!
 
 
++    Static properties:
      ------------------
 
 
      LoProp Charges per center
 

                   C1       C2    
      Nuclear      6.0000   6.0000
      Electronic  -6.0000  -6.0000
 
      Total        0.0000  -0.0000
--
 
 
++    Natural Bond Order analysis
      ---------------------------
      Based on LoProp computed density
      -------------------------------------------------------------------------------------
      Atom A       Atom B       Bond Order
        C1           C2             0.782
      -------------------------------------------------------------------------------------
      NBO located      1.564 electrons involved in    1 bonds.
      NBO located      0.951 non-bonded electrons on atom C1        
      The remaining    4.580 electrons are to be considered as diffuse
--
 
 
++    Molecular orbitals:
      -------------------
 
      Title: Natural orbitals

      Molecular orbitals for symmetry species 1: a  
 
          Orbital            1         2         3         4         5         6         7         8         9        10    
          Energy          -12.0132  -11.8268   -1.3167   -0.8109   -0.8109   -0.5287   -0.1840    0.4544    0.4544    3.3672
          Occ. No.          2.0000    2.0000    2.0000    2.0000    2.0000    2.0000    0.0000    0.0000    0.0000    0.0000
 
        1 C1     1s         0.6969   -0.7222   -0.1668   -0.0000    0.0000    0.0065   -0.1490    0.0000    0.0000   -1.9225
        2 C1     2s        -0.0034   -0.0236    0.4136   -0.0000    0.0000    0.6039   -0.4057    0.0000    0.0000   -6.4310
        3 C1     2px       -0.0000    0.0000   -0.0000    0.5371   -0.1026    0.0000   -0.0000   -1.2157   -0.2204   -0.0000
        4 C1     2py        0.0000    0.0000    0.0000    0.1026    0.5371    0.0000    0.0000   -0.2204    1.2157    0.0000
        5 C1     2pz        0.0146   -0.0138    0.3525    0.0000    0.0000   -0.3981    0.8151   -0.0000   -0.0000   -2.8585
        6 C2     1s         0.6969    0.7222   -0.1668   -0.0000   -0.0000   -0.0065   -0.1490   -0.0000   -0.0000    1.9225
        7 C2     2s        -0.0034    0.0236    0.4136    0.0000    0.0000   -0.6039   -0.4057   -0.0000   -0.0000    6.4310
        8 C2     2px        0.0000    0.0000    0.0000    0.5371   -0.1026    0.0000    0.0000    1.2157    0.2204    0.0000
        9 C2     2py       -0.0000   -0.0000   -0.0000    0.1026    0.5371    0.0000    0.0000    0.2204   -1.2157   -0.0000
       10 C2     2pz       -0.0146   -0.0138   -0.3525   -0.0000    0.0000   -0.3981   -0.8151    0.0000    0.0000   -2.8585
--
 
 
++    Molecular properties:
      ---------------------
 
      Charge (e):
                      =   -0.0000
      Dipole Moment (Debye):
      Origin of the operator (Ang)=    0.0000    0.0000    0.0000
                   X=  5.5845E-15               Y=  1.4757E-14               Z= -2.1740E-12           Total=  2.1741E-12
      Quadrupole Moment (Debye*Ang):
      Origin of the operator (Ang)=    0.0000    0.0000    0.3500
                  XX= -1.2436E+01              XY= -4.4196E-17              XZ= -2.0436E-14              YY= -1.2436E+01
                  YZ=  3.9053E-15              ZZ= -1.0410E+01
      In traceless form (Debye*Ang)
                  XX= -1.0130E+00              XY= -6.6294E-17              XZ= -3.0654E-14              YY= -1.0130E+00
                  YZ=  5.8579E-15              ZZ=  2.0259E+00
--
 
 
      Input file to MOLDEN was generated!
 
 ###############################################################################
 ###############################################################################
 ###                                                                         ###
 ###                                                                         ###
 ###    WARNING: RunFile label nBas                                          ###
 ###    was used       87 times                                              ###
 ###                                                                         ###
 ###                                                                         ###
 ###############################################################################
 ###############################################################################
--- Stop Module: scf at Mon Apr  1 18:33:09 2024 /rc=_RC_ALL_IS_WELL_ ---
*** files: 0.70.LprOrb 0.70.LoProp.molden 0.70.scf.molden 0.70.scf.h5 0.70.UhfOrb 0.70.UnaOrb xmldump
    saved to directory /home/grierjones/DDCASPT2/delta_ML/CC/0.70

*** symbolic link created: INPORB -> 0.70.UnaOrb
--- Start Module: mbpt2 at Mon Apr  1 18:33:09 2024 ---
 
()()()()()()()()()()()()()()()()()()()()()()()()()()()()()()()()()()()()()()()()()()()()()()()()()()

                                               &MBPT2

                                   only a single process is used
                       available to each process: 2.0 GB of memory, 1 thread?
                                            pid: 243146
()()()()()()()()()()()()()()()()()()()()()()()()()()()()()()()()()()()()()()()()()()()()()()()()()()
 
 
 ###############################################################################
 ###############################################################################
 ###                                                                         ###
 ###                                                                         ###
 ###    WARNING: MP2 implementation intended for RHF references only         ###
 ###                                                                         ###
 ###                                                                         ###
 ###############################################################################
 ###############################################################################
MBPT2 WARNING: Reference function according to RunFile:UHF-SCF 
I'll assume you know what you're doing and continue
 
 
      Cartesian coordinates in Angstrom:
      -----------------------------------------------------
      No.  Label        X            Y            Z        
      -----------------------------------------------------
       1   C1         0.00000000   0.00000000   0.00000000
       2   C2         0.00000000   0.00000000   0.70000000
      -----------------------------------------------------
      Nuclear repulsion energy =   27.21482799
 
      Contents of RUNFILE file:
      -------------------------
 
      Symmetry species                           1
                                                 a
      Number of basis functions                 10
      Frozen occupied orbitals                   2
      Active occupied orbitals                   4
      Active external orbitals                   4
      Deleted external orbitals                  0
 
 
      Reference numbers of frozen occupied orbitals according to the original input sequence
      symmetry species 1                        1  2
 
 
      Energies of the active occupied orbitals
 
      symmetry species 1                    -1.316705     -0.810871     -0.810871     -0.528701
 
 
      Energies of the active external orbitals
 
      symmetry species 1                    -0.183955      0.454382      0.454382      3.367215
 
 
      ********************************************************************************************************
      *                                               Results                                                *
      ********************************************************************************************************
 
 Conventional algorithm used...

       SCF energy                           =      -73.4651524836 a.u.
       Second-order correlation energy      =       -0.1357901571 a.u.

       Total energy                         =      -73.6009426407 a.u.
       Reference weight ( Cref**2 )         =        0.89614
 
::    Total MBPT2 energy                              -73.6009426407
 
 
       Zeroth-order energy (E0)             =      -27.3994553578 a.u.
 
       Shanks-type energy S1(E)             =      -73.6013440996 a.u.
 
 


       Data processing and timing information:

       Section                                              time(sec)
                                                          CPU  Elapsed

      Input data processing                              0.01      0.01
      Transformation of integrals                        0.00      0.00
      MBPT2 calculations (BJAI)                          0.00      0.00
      Total MBPT2 calculations                           0.01      0.01
 
 
--- Stop Module: mbpt2 at Mon Apr  1 18:33:09 2024 /rc=_RC_ALL_IS_WELL_ ---
*** files: xmldump
    saved to directory /home/grierjones/DDCASPT2/delta_ML/CC/0.70

*** symbolic link created: INPORB -> 0.70.UnaOrb
--- Start Module: rasscf at Mon Apr  1 18:33:09 2024 ---
 
()()()()()()()()()()()()()()()()()()()()()()()()()()()()()()()()()()()()()()()()()()()()()()()()()()

                                              &RASSCF

                                   only a single process is used
                       available to each process: 2.0 GB of memory, 1 thread?
                                            pid: 243149
()()()()()()()()()()()()()()()()()()()()()()()()()()()()()()()()()()()()()()()()()()()()()()()()()()
 
 
      Header of the ONEINT file:
      --------------------------
      
      Integrals generated by Gateway/Seward, Mon Apr  1 18:33:08 2024
 
 
      OrdInt status: non-squared
 
 
      Cartesian coordinates in Angstrom:
      -----------------------------------------------------
      No.  Label        X            Y            Z        
      -----------------------------------------------------
       1   C1         0.00000000   0.00000000   0.00000000
       2   C2         0.00000000   0.00000000   0.70000000
      -----------------------------------------------------
      Nuclear repulsion energy =   27.21482799
 
++    Wave function specifications:
      -----------------------------
 
      Number of closed shell electrons           8
      Number of electrons in active shells       2
      Max number of holes in RAS1 space          0
      Max nr of electrons in RAS3 space          0
      Number of inactive orbitals                4
      Number of active orbitals                  2
      Number of secondary orbitals               4
      Spin quantum number                      0.0
      State symmetry                             1
--
 
++    Orbital specifications:
      -----------------------
 
      Symmetry species                           1
                                                 a
      Frozen orbitals                            0
      Inactive orbitals                          4
      Active orbitals                            2
      RAS1 orbitals                              0
      RAS2 orbitals                              2
      RAS3 orbitals                              0
      Secondary orbitals                         4
      Deleted orbitals                           0
      Number of basis functions                 10
--
 
++    CI expansion specifications:
      ----------------------------
 
      Number of CSFs                             3
      Number of determinants                     3
      Number of root(s) required                 1
      Root chosen for geometry opt.              1
      CI root used                               1
         
      highest root included in the CI            1
      max. size of the explicit Hamiltonian      3
--
 
++    Optimization specifications:
      ----------------------------
 
      RASSCF algorithm: Conventional
      Maximum number of macro iterations       200
      Maximum number of SX iterations          100
      Threshold for RASSCF energy            1.000E-08
      Threshold for max MO rotation          1.000E-01
      Threshold for max BLB element          1.000E-04
      Level shift parameter                  5.000E-01
      Make Quasi-Newton update
--
 
      The MO-coefficients are taken from the file:
      /home/grierjones/DDCASPT2/delta_ML/CC/0.60/0.60.RasOrb                                                                                                                                                                                                          
      Title: RASSCF average (pseudo-natural) orbitals                                      
 
      Total molecular charge    2.00
 
      ************************************************************************************************************************
      *                                                                                                                      *
      *                                            Wave function control section                                             *
      *                                                                                                                      *
      ************************************************************************************************************************
 
 
                                         RASSCF iterations: Energy and convergence statistics
                                         ----------------------------------------------------
 
      Iter CI   SX   CI       RASSCF       Energy    max ROT     max BLB   max BLB  Level Ln srch  Step   QN   Walltime
          iter iter root      energy       change     param      element    value   shift minimum  type update hh:mm:ss
 Nr of preliminary CI iterations:   1
        1   1    4    1   -71.92226133    0.00E+00   2.45E-02    1   7 1 -1.92E-01*  0.00   0.00    SX    NO    0:00:00
        2   1    4    1   -71.92610920   -3.85E-03* -8.99E-03    3   7 1  2.21E-02*  0.00   0.00    SX    NO    0:00:00
        3   1    4    1   -71.92638899   -2.80E-04* -3.20E-03    3   7 1  7.86E-03*  0.00   0.00    SX    NO    0:00:00
        4   1    4    1   -71.92642353   -3.45E-05* -1.14E-03    3   7 1  2.79E-03*  0.00   0.00    SX    NO    0:00:00
        5   1    4    1   -71.92642787   -4.34E-06* -6.25E-04    3   7 1  9.90E-04*  0.00   1.55    LS   YES    0:00:00
        6   1    3    1   -71.92642850   -6.26E-07*  4.58E-05    1   7 1  1.28E-05   0.00   1.00    QN   YES    0:00:00
        7   1    2    1   -71.92642850   -8.90E-11   2.24E-05    1   7 1  5.97E-07   0.00   1.41    QN   YES    0:00:00
      Convergence after  7 iterations
        8   1    2    1   -71.92642850   -9.75E-12   2.24E-05    1   7 1 -4.11E-07   0.00   1.41    QN   YES    0:00:00
 
      ************************************************************************************************************************
                                                      Wave function printout:
                       occupation of active orbitals, and spin coupling of open shells (u,d: Spin up or down)
      ************************************************************************************************************************
 
      Note: transformation to natural orbitals
      has been made, which may change the order of the CSFs.
 
      printout of CI-coefficients larger than  0.05 for root  1
      energy=     -71.926428
      conf/sym  11     Coeff  Weight
             1  20   0.99853 0.99707
             3  02  -0.05416 0.00293
 
      Natural orbitals and occupation numbers for root  1
      sym 1:   1.994133   0.005867
 
      ************************************************************************************************************************
      *                                                                                                                      *
      *                                                    Final results                                                     *
      *                                                                                                                      *
      ************************************************************************************************************************
 
 
++    Wave function specifications:
      -----------------------------
 
      Number of closed shell electrons           8
      Number of electrons in active shells       2
      Max number of holes in RAS1 space          0
      Max nr of electrons in RAS3 space          0
      Number of inactive orbitals                4
      Number of active orbitals                  2
      Number of secondary orbitals               4
      Spin quantum number                      0.0
      State symmetry                             1
--
 
++    Orbital specifications:
      -----------------------
 
      Symmetry species                           1
                                                 a
      Frozen orbitals                            0
      Inactive orbitals                          4
      Active orbitals                            2
      RAS1 orbitals                              0
      RAS2 orbitals                              2
      RAS3 orbitals                              0
      Secondary orbitals                         4
      Deleted orbitals                           0
      Number of basis functions                 10
--
 
++    CI expansion specifications:
      ----------------------------
 
      Number of CSFs                             3
      Number of determinants                     3
      Number of root(s) required                 1
      CI root used                               1
      highest root included in the CI            1
      Root passed to geometry opt.               1
--
 
++    Final optimization conditions:
      ------------------------------
 
      Average CI energy                             -71.92642850
      RASSCF energy for state  1                    -71.92642850
      Super-CI energy                                -0.00000000
      RASSCF energy change                           -0.00000000
      Max change in MO coefficients              -1.414E-04
      Max non-diagonal density matrix element     2.241E-05
      Maximum BLB matrix element                 -4.106E-07
      (orbital pair   1,   7 in symmetry   1)
      Norm of electronic gradient            4.474E-07
--
 
 
      Final state energy(ies):
      ------------------------
 
::    RASSCF root number  1 Total energy:    -71.92642850
 
++    Molecular orbitals:
      -------------------
 
      Pseudonatural active orbitals and approximate occupation numbers
 
 
 
 
      Molecular orbitals for symmetry species 1: a  
 
 
      Orbital                 1         2         3         4         5         6         7         8         9        10
      Energy           -13.1671  -12.9834   -2.2549   -1.6772   -1.6760   -0.0004   -1.0295   -0.4656   -0.4655    2.3637
      Occ. No.           2.0000    2.0000    2.0000    2.0000    1.9941    0.0059    0.0000    0.0000    0.0000    0.0000
 
     1 C1     1s         0.6975   -0.7178   -0.1813    0.0000    0.0000   -0.2399    0.1275   -0.0000    0.0000   -1.9091
     2 C1     2s        -0.0037   -0.0094    0.3634   -0.0000    0.0000   -1.3809    0.4512   -0.0000    0.0000   -6.3100
     3 C1     2px        0.0000    0.0000    0.0000   -0.2078    0.5057    0.0000    0.0000    0.4697   -1.1428   -0.0000
     4 C1     2py        0.0000    0.0000    0.0000    0.5057    0.2078   -0.0000   -0.0000   -1.1428   -0.4697    0.0000
     5 C1     2pz        0.0125   -0.0071    0.4453    0.0000   -0.0000    0.0478   -0.7684    0.0000    0.0000   -2.8857
     6 C2     1s         0.6975    0.7178   -0.1813    0.0000   -0.0000    0.2399    0.1275    0.0000   -0.0000    1.9091
     7 C2     2s        -0.0037    0.0094    0.3634    0.0000   -0.0000    1.3809    0.4512    0.0000   -0.0000    6.3100
     8 C2     2px        0.0000    0.0000   -0.0000   -0.2078    0.5057    0.0000   -0.0000   -0.4697    1.1428    0.0000
     9 C2     2py       -0.0000   -0.0000    0.0000    0.5057    0.2078   -0.0000   -0.0000    1.1428    0.4697    0.0000
    10 C2     2pz       -0.0125   -0.0071   -0.4453    0.0000    0.0000    0.0478    0.7684   -0.0000    0.0000   -2.8857
--
 
      Von Neumann Entropy (Root   1) =  0.02891
 

      Mulliken population analysis for root number:  1
      -----------------------------------------------
 
 
++    Molecular charges:
      ------------------
 
      Mulliken charges per centre and basis function type
      ---------------------------------------------------
 
                C1      C2    
      1s       2.0027  2.0027
      2s       0.5804  0.5804
      2px      0.9975  0.9975
      2pz      0.4198  0.4198
      2py      0.9996  0.9996
      Total    5.0000  5.0000
 
      N-E      1.0000  1.0000
 
      Total electronic charge=   10.000000
 
      Total            charge=    2.000000
--
 
 

      Expectation values of various properties for root number:  1
      -----------------------------------------------------------
 
 
++    Molecular properties:
      ---------------------
 
      Charge (e):
                      =    2.0000
      Dipole Moment (Debye):
      Origin of the operator (Ang)=    0.0000    0.0000    0.0000
                   X= -3.8393E-15               Y= -5.5928E-14               Z=  3.3622E+00           Total=  3.3622E+00
      Center of Charge (Ang)
                     X=   -0.00000000               Y=   -0.00000000               Z=    0.35000000
      Quadrupole Moment (Debye*Ang):
      Origin of the operator (Ang)=    0.0000    0.0000    0.3500
                  XX= -1.0081E+01              XY=  3.9281E-03              XZ= -8.7218E-14              YY= -1.0089E+01
                  YZ= -1.5866E-13              ZZ= -1.7710E+00
      In traceless form (Debye*Ang)
                  XX= -4.1512E+00              XY=  5.8921E-03              XZ= -1.3083E-13              YY= -4.1631E+00
                  YZ= -2.3798E-13              ZZ=  8.3143E+00
--
 

      LoProp population analysis for root number:  1
      -----------------------------------------------
 
 
++    LoProp analysis:
      ----------------
 
 
 
      Input file to MOLDEN was generated!
 
 
++    Static properties:
      ------------------
 
 
      LoProp Charges per center
 

                   C1       C2    
      Nuclear      6.0000   6.0000
      Electronic  -5.0000  -5.0000
 
      Total        1.0000   1.0000
--
 
 
      Natural Bond Order analysis for root number:  1
 
++    Natural Bond Order analysis
      ---------------------------
      Based on LoProp computed density
      -------------------------------------------------------------------------------------
      Atom A       Atom B       Bond Order
        C1           C2             0.871
      -------------------------------------------------------------------------------------
      NBO located      1.741 electrons involved in    1 bonds.
      The remaining    4.322 electrons are to be considered as diffuse
--
 
--
 
 
      Input file to MOLDEN was generated!
 
      Average orbitals are written to the RASORB file
      Natural orbitals for root   1 are written to the RASORB.1 file
      Spin density orbitals for root   1 are written to the SPDORB.1 file
 
--- Stop Module: rasscf at Mon Apr  1 18:33:09 2024 /rc=_RC_ALL_IS_WELL_ ---
*** files: 0.70.LprOrb 0.70.rasscf.molden 0.70.LoProp.molden 0.70.RasOrb 0.70.RasOrb.1 0.70.rasscf.h5 0.70.SpdOrb.1 xmldump
    saved to directory /home/grierjones/DDCASPT2/delta_ML/CC/0.70

*** symbolic link created: INPORB -> 0.70.RasOrb
--- Start Module: caspt2 at Mon Apr  1 18:33:09 2024 ---
 
()()()()()()()()()()()()()()()()()()()()()()()()()()()()()()()()()()()()()()()()()()()()()()()()()()

                                              &CASPT2

                                   only a single process is used
                       available to each process: 2.0 GB of memory, 1 thread?
                                            pid: 243152
()()()()()()()()()()()()()()()()()()()()()()()()()()()()()()()()()()()()()()()()()()()()()()()()()()
 
 
++    Wave function specifications:
      -----------------------------
 
      Number of closed shell electrons           4
      Number of electrons in active shells       2
      Max number of holes in RAS1 space          0
      Max number of electrons in RAS3 space      0
      Number of inactive orbitals                2
      Number of active orbitals                  2
      Number of secondary orbitals               4
      Spin quantum number                      0.0
      State symmetry                             1
      Number of CSFs                             3
      Number of CASSCF root(s) available         1
      CASPT2 state passed to geometry opt.       1
      A file JOBMIX will be created
      This is a CASSCF or RASSCF reference function
--
 
++    Orbital specifications:
      -----------------------
 
      Symmetry species                           1
                                                 a
      Frozen orbitals                            2
      Inactive orbitals                          2
      Active orbitals                            2
      Secondary orbitals                         4
      Deleted orbitals                           0
      Number of basis functions                 10
--
 
++    CASPT2 specifications:
      ----------------------
 
      Type of calculation                        SS-CASPT2
      Fock operator                              state-specific
      IPEA shift                                 0.25
      Real shift                                 0.00
      Imaginary shift                            0.00
      The input orbitals will be transformed to quasi-canonical
--
 
--------------------------------------------------------------------------------
 Estimated memory requirements:
  POLY3 :                   250070
  RHS:                      250292
  SIGMA :                   250256
  PRPCTL:                        0
 Available workspace:    230392759
 
++ CASPT2 computation for group   1
 
********************************************************************************
 Multi-State initialization phase begins for group   1
--------------------------------------------------------------------------------
********************************************************************************
 Compute H0 matrices for state    1
--------------------------------------------------------------------------------
--------------------------------------------------------------------------------
 H0 matrices have been computed.
 
********************************************************************************
  CASPT2 EQUATION SOLUTION
--------------------------------------------------------------------------------
 
  Total nr of CASPT2 parameters:
   Before reduction:         290
   After  reduction:         189
 
 Variance of |WF0>:       0.1077314891
 
 The contributions to the second order correlation energy in atomic units.
-----------------------------------------------------------------------------------------------------------------------------
  IT.      VJTU        VJTI        ATVX        AIVX        VJAI        BVAT        BJAT        BJAI        TOTAL       RNORM  
-----------------------------------------------------------------------------------------------------------------------------
   1    -0.000000   -0.000888   -0.000000   -0.003540   -0.003650   -0.005140   -0.013342   -0.008990   -0.035549    0.002124
   2    -0.000000   -0.000919   -0.000000   -0.003544   -0.003652   -0.005140   -0.013327   -0.008980   -0.035562    0.000532
   3    -0.000000   -0.000920   -0.000000   -0.003548   -0.003654   -0.005140   -0.013329   -0.008982   -0.035574    0.000038
   4    -0.000000   -0.000920   -0.000000   -0.003548   -0.003653   -0.005140   -0.013330   -0.008983   -0.035573    0.000004
-----------------------------------------------------------------------------------------------------------------------------
 
  FINAL CASPT2 RESULT:
 
      Reference energy:         -71.9264284970
      E2 (Non-variational):      -0.0355733603
      E2 (Variational):          -0.0355733603
      Total energy:             -71.9620018573
      Residual norm:              0.0000000653
      Reference weight:           0.98681
 
      Contributions to the CASPT2 correlation energy
      Active & Virtual Only:         -0.0051404497
      One Inactive Excited:          -0.0168773022
      Two Inactive Excited:          -0.0135556083
 
 
++ Denominators, etc.
--------------------------------------------------------------------------------------------------------------
 Report on small energy denominators, large coefficients, and large energy contributions.
CASE  SYMM ACTIVE-MIX  NON-ACTIVE INDICES          DENOMINATOR     RHS VALUE       COEFFICIENT     CONTRIBUTION
AIVX     1  Mu1.0003  In1.003 Se1.009               2.69808643     -0.08917164      0.03116970     -0.00277945
VJAIP    1  Mu1.0001  Se1.008 In1.004 In1.003       2.50027278      0.08266163     -0.03103338     -0.00256527
BVATP    1  Mu1.0001  Se1.009 Se1.009               2.54175115     -0.11220665      0.04414541     -0.00495341
BJATP    1  Mu1.0001  In1.004 Se1.009 Se1.008       2.41864453      0.10305655     -0.04260922     -0.00439116
BJATM    1  Mu1.0001  In1.004 Se1.009 Se1.008       2.41864453      0.13167237     -0.05444056     -0.00716832
BJAIP    1  Se1.008 In1.004 Se1.008 In1.004         2.42325679      0.11674565     -0.04817717     -0.00562447
--
 
   (Skipping property calculation,
    use PROP keyword to activate)
--
 
  Total CASPT2 energies:
::    CASPT2 Root  1     Total energy:    -71.96200186
 
  A NEW JOBIPH FILE NAMED 'JOBMIX' IS PREPARED.
********************************************************************************
--- Stop Module: caspt2 at Mon Apr  1 18:33:09 2024 /rc=_RC_ALL_IS_WELL_ ---
*** files: xmldump
    saved to directory /home/grierjones/DDCASPT2/delta_ML/CC/0.70

.##################.
.# Happy landing! #.
.##################.

    Timing: Wall=1.17 User=0.90 System=0.16
************************************
*** WorkDir at /tmp/0.70 cleaned ***
************************************
