   This run of MOLCAS is using the pymolcas driver

                                                  EPO
              OS   A CLOMNE  POSAC  LOMN          EPO
              PO  SA     CL OM  NE PO  SA        CLOMN        EPO
              NE POS     AC LO  MN EP  OS        AC LO       MNEPO
              LOMNEP   OSAC  LOMNE PO  SA       CL   OM      NE PO
              OSA CL     OM     NE PO  SA       CL   OM     NE  PO
              PO  SA     CL     OM NE  PO       SA  C  LOMN  E   PO
              M   NE POSACL     OM  NEPO        SA CL   OMN   E  PO
                                               OS  ACL  OM   NEP  O
                                             PO    SAC   L   OMN   EPO
                                         EPOSAC   LOMNE     POSAC  LOMNEPO
                                      EPOSACLOM   NEPOSACLOMNEPOS   ACLOMNEPO
                                     SAC    LOM   NE           PO   SACLOMNEPO
                                     ACL     O        MNE  PO       SACLOMNEPO
                                     OMN  E  P     OSACLOM  NEPO    SACLOMNEPO
                                     LOM  N  E               PO     SACLOMNEPO
               SACL    OM    NEPO    SAC  L  O   MNEP           OS   ACLOMNEPO
              O   SA  CLOM  NE  PO   SAC  L  O   MNE           POS   ACLOMNEPO
                  OM NE  PO      S   ACL  O      MN           EPOS   ACLOMNEPO
               EPOS  AC  LO      M   NEP  O         SA                CLOMNEPO
              SA     CLOMNE      P   OSA  C        LOMN  EPOSACL        OMNEPO
              OM   N EP  OS AC  LO   MN   E     P     OS  ACL      OMN     EPO
               OMNE  P    O  SACL        OMN   EPOS            ACLOMNEPO
                                      ACLOMNEPOSACLOMNEPOSACLOMNEPOSACLOMNEPO
                                         EPOSACLOMNEPOSACLOMNEPOSACLOMNEPO
                                             MNEPOSACLOMNEPOSACLOMNEPO
                          20.42 :noisrev        ACLOMNEPOSACLOMNEPO
                                                    OSACLOMNEPO
                     f8c40b116g-621 :gat                EPO

            ti yfidom ro/dna ti etubirtsider nac uoy ;erawtfos eerf si sacloMnepO
            .1.2 noisrev esneciL cilbuP lareneG resseL UNG eht fo smret eht rednu
             ti tub ,lufesu eb lliw ti taht epoh eht ni detubirtsid si sacloMnepO
               .seitnarraw deilpmi ro sserpxe yna tuohtiw dna "si sa" dedivorp si
                    elif eht ni esnecil eht fo txet lluf eht ees sliated erom roF
                                    .>/sesnecil/gro.ung.www//:ptth< ni ro ESNECIL

                             srohtuA sacloMnepO ehT )C( thgirypoC
                      ,noitatic dednemmocer eht dna tsil rohtua eht roF
                               dm.SROTUBIRTNOC elif eht tlusnoc

           *************************************************
           * pymolcas version py2.28                       *
           *   build c4a6d18ded8cb6cad61d2372a9abd97c      *
           *   (after the EMIL interpreter by V. Veryazov) *
           *************************************************

configuration info
------------------
Host name: debian (Linux)
C Compiler ID: GNU
C flags: -std=gnu99
Fortran Compiler ID: Intel
Fortran flags: -fpp -i8 -heap-arrays
Definitions: _MOLCAS_;_I8_;_LINUX_
Parallel: OFF (GA=OFF)


   ------------------------------------------------------------------
  |
  |              Project: 2.70
  |       Submitted from: /home/grierjones/DDCASPT2/delta_ML/BeH/2.70
  |         Scratch area: /tmp/2.70
  |      Save outputs to: /home/grierjones/DDCASPT2/delta_ML/BeH/2.70
  |               Molcas: /usr/local
  |
  | Scratch area is empty
  |
  |       MOLCAS_DRIVER = /usr/local/pymolcas
  | MOLCAS_KEEP_WORKDIR = NO
  |  MOLCAS_NEW_WORKDIR = YES
  |       MOLCAS_NPROCS = 1
  |       MOLCAS_SOURCE = /usr/local
  |    MOLCAS_STRUCTURE = 0
  |
   ------------------------------------------------------------------

++ ---------   Input file   ---------

&GATEWAY
coord=2.70.xyz
Basis = ANO-RCC-MB
Group = nosymm
End of Input

&SEWARD
End of Input

&SCF
UHF

&MBPT2

&RASSCF
Title= RASSCF
FileOrb
/home/grierjones/DDCASPT2/delta_ML/BeH/2.60/2.60.RasOrb

NACTEL
3 0 0
Inactive
1
RAS2
2
Symmetry
1
Spin
2
orblisting
all
ITERation
200 100
CIMX
200
SDAV
500

&CASPT2
Imaginary Shift
0.0

-- ----------------------------------

--- Start Module: gateway at Mon Apr  1 18:31:28 2024 ---
 
()()()()()()()()()()()()()()()()()()()()()()()()()()()()()()()()()()()()()()()()()()()()()()()()()()

                                              &GATEWAY

                                   only a single process is used
                       available to each process: 2.0 GB of memory, 1 thread?
                                            pid: 241289
()()()()()()()()()()()()()()()()()()()()()()()()()()()()()()()()()()()()()()()()()()()()()()()()()()
 
 
++    Symmetry information:
      ---------------------
 
                    Character Table for C1 
 
                             E  
                    a        1  x, y, xy, Rz, z, xz, Ry, yz, Rx, I
--
 
 
++    Basis set information:
      ----------------------
 
 
      Basis set label: BE.ANO-RCC...2S1P.
 
      Electronic valence basis set:
      ------------------
      Associated Effective Charge   4.000000 au
      Associated Actual Charge      4.000000 au
      Nuclear Model: Point charge
 
      Shell  nPrim  nBasis  Cartesian Spherical Contaminant
         s      14       2        X                  
         p       9       1        X                  
 
 
      Basis set label: H.ANO-RCC...1S.
 
      Electronic valence basis set:
      ------------------
      Associated Effective Charge   1.000000 au
      Associated Actual Charge      1.000000 au
      Nuclear Model: Point charge
 
      Shell  nPrim  nBasis  Cartesian Spherical Contaminant
         s       8       1        X                  
--
 
 
++    Molecular structure info:
      -------------------------
 
                    ************************************************ 
                    **** Cartesian Coordinates / Bohr, Angstrom **** 
                    ************************************************ 
 
     Center  Label                x              y              z                     x              y              z
        1      BE1              0.000000       0.000000       0.000000              0.000000       0.000000       0.000000
        2      H2               0.000000       0.000000       5.102261              0.000000       0.000000       2.700000
--
 
 
            Nuclear Potential Energy              0.78396624 au
 
--- Stop Module: gateway at Mon Apr  1 18:31:28 2024 /rc=_RC_ALL_IS_WELL_ ---
*** files: xmldump
    saved to directory /home/grierjones/DDCASPT2/delta_ML/BeH/2.70

--- Start Module: seward at Mon Apr  1 18:31:28 2024 ---
 
()()()()()()()()()()()()()()()()()()()()()()()()()()()()()()()()()()()()()()()()()()()()()()()()()()

                                              &SEWARD

                                   only a single process is used
                       available to each process: 2.0 GB of memory, 1 thread?
                                            pid: 241292
()()()()()()()()()()()()()()()()()()()()()()()()()()()()()()()()()()()()()()()()()()()()()()()()()()
 
               SEWARD will generate:
                  Multipole Moment integrals up to order  2
                  Kinetic Energy integrals
                  Nuclear Attraction integrals (point charge)
                  One-Electron Hamiltonian integrals
                  Velocity integrals
                  Relativistic Douglas-Kroll-Hess integrals:
                    - Parametrization         : EXP
                    - DKH order of Hamiltonian: 2
                    - DKH order of Properties : 0
                         - multipole moment operators
                         - electric potential operators
                         - contact operators
                  Orbital angular momentum around ( 0.0000  0.0000  0.5132 )
                  Velocity quadrupole around ( 0.0000  0.0000  0.5132 )
                  Atomic mean-field integrals
                  Two-Electron Repulsion integrals
 
                   Integrals are discarded if absolute value <: 1.00E-14
                   Integral cutoff threshold is set to       <: 1.00E-16
 
            Nuclear Potential Energy              0.78396624 au
 
 
      Basis set specifications :
      Symmetry species         a  
      Basis functions            6
 
 
      Input file to MOLDEN was generated!
 
--- Stop Module: seward at Mon Apr  1 18:31:28 2024 /rc=_RC_ALL_IS_WELL_ ---
*** files: 2.70.GssOrb 2.70.guessorb.h5 2.70.guessorb.molden xmldump
    saved to directory /home/grierjones/DDCASPT2/delta_ML/BeH/2.70

*** symbolic link created: INPORB -> 2.70.GssOrb
--- Start Module: scf at Mon Apr  1 18:31:28 2024 ---
 
()()()()()()()()()()()()()()()()()()()()()()()()()()()()()()()()()()()()()()()()()()()()()()()()()()

                                                &SCF

                                   only a single process is used
                       available to each process: 2.0 GB of memory, 1 thread?
                                            pid: 241295
()()()()()()()()()()()()()()()()()()()()()()()()()()()()()()()()()()()()()()()()()()()()()()()()()()
 
++    Input section:
      --------------
 
      Header of the integral files:
      
       Integrals generated by Gateway/Seward, Mon Apr  1 18:31:28 2024
 
 
      Cartesian coordinates in Angstrom:
      -----------------------------------------------------
      No.  Label        X            Y            Z        
      -----------------------------------------------------
       1   BE1        0.00000000   0.00000000   0.00000000
       2   H2         0.00000000   0.00000000   2.70000000
      -----------------------------------------------------
      Nuclear repulsion energy =    0.78396624
--
 
++    Orbital specifications:
      -----------------------
 
      Symmetry species               1
                                     a
      Frozen orbitals                0
      Occupied orbitals alpha        3
      Occupied orbitals beta         2
      Secondary orbitals alpha       3
      Secondary orbitals beta        4
      Deleted orbitals               0
      Total number of orbitals       6
      Number of basis functions      6
--
 
      Molecular charge                           0.000
 
++    Optimization specifications:
      ----------------------------
 
      SCF Algorithm: Conventional USCF
      D(i)-D(i-1) density differences are used
      Number of density matrices in core                 5
      Maximum number of NDDO SCF iterations            400
      Maximum number of HF SCF iterations              400
      Threshold for SCF energy change             1.00E-09
      Threshold for density matrix                1.00E-04
      Threshold for Fock matrix                   1.50E-04
      Threshold for linear dependence             1.00E-09
      Threshold at which DIIS is turned on        1.50E-01
      Maximum depth in the DIIS procedure                5
      Maximum depth in the BFGS Hessian update          30
      Threshold at which QNR/C2DIIS is turned on  7.50E-02
      Threshold for Norm(delta) (QNR/C2DIIS)      1.00E-03
      All orbitals punched on: UHFORB
--
 
      Input vectors read from INPORB
      Orbital file label: *Guess orbitals
 
 
++ Convergence information
                               UHF SCF        iterations: Energy and convergence statistics
 
Iter     Tot. SCF        One-elec.       Two-elec.     Energy      Max Dij or  Max Fij      DNorm      TNorm      AccCon     Time
         Energy          Energy          Energy        Change      Delta Norm                                                in Sec.
   1   -14.807661023   -20.703828608     5.112201347   0.00E+00    9.51E-01*   1.19E-01*    3.22E+00   4.70E+00   None         0.
   2   -14.964357225   -21.294637313     5.546313849  -1.57E-01*   5.15E-01*   1.32E-01*    2.20E+00   5.00E+00   EDIIS        0.
   3   -15.023340384   -21.137596378     5.330289756  -5.90E-02*   2.58E-01*   4.89E-02*    7.72E-01   4.90E+00   EDIIS        0.
   4   -15.050479523   -21.172397311     5.337951550  -2.71E-02*   1.72E-01*   4.45E-02*    4.76E-01   4.93E+00   EDIIS        0.
   5   -15.064438285   -21.178044596     5.329640073  -1.40E-02*   1.06E-01*   2.91E-02*    3.59E-01   4.94E+00   EDIIS        0.
   6   -15.069260543   -21.178382371     5.325155590  -4.82E-03*   1.50E-02*   3.42E-02*    2.19E-01   4.95E+00   c2DIIS       0.
   7   -15.071036339   -21.175495260     5.320492682  -1.78E-03*   1.77E-02*   2.55E-03*    3.38E-02   4.96E+00   QNRc2DIIS    0.
   8   -15.071097454   -21.174808292     5.319744600  -6.11E-05*   6.11E-02*   2.05E-03*    2.43E-02   4.96E+00   QNRc2DIIS    0.
   9   -15.071197088   -21.171592987     5.316429660  -9.96E-05*   2.07E-02*   1.57E-03*    8.18E-02   4.96E+00   QNRc2DIIS    0.
  10   -15.071216304   -21.170063290     5.314880748  -1.92E-05*   7.58E-03*   1.95E-04*    2.90E-02   4.96E+00   QNRc2DIIS    0.
  11   -15.071216355   -21.169641033     5.314458440  -5.10E-08*   4.90E-03*   1.20E-04     1.05E-02   4.96E+00   QNRc2DIIS    0.
  12   -15.071216654   -21.169957919     5.314775026  -2.99E-07*   1.16E-03*   2.88E-05     6.64E-03   4.96E+00   QNRc2DIIS    0.
  13   -15.071216676   -21.169879431     5.314696516  -2.24E-08*   1.21E-04    3.47E-06     1.57E-03   4.96E+00   QNRc2DIIS    0.
  14   -15.071216677   -21.169887502     5.314704587  -2.91E-10    7.61E-07    2.27E-08     1.63E-04   4.96E+00   QNRc2DIIS    0.
 
       Convergence after  14 Macro Iterations
--
 
 *****************************************************************************************************************************
 *                                                                                                                           *
 *                                             SCF/KS-DFT Program, Final results                                             *
 *                                                                                                                           *
 *                                                                                                                           *
 *                                                                                                                           *
 *                                                       Final Results                                                       *
 *                                                                                                                           *
 *****************************************************************************************************************************
 
::    Total SCF energy                                -15.0712166766
      One-electron energy                             -21.1698875015
      Two-electron energy                               5.3147045866
      Nuclear repulsion energy                          0.7839662384
      Kinetic energy (interpolated)                    15.2445559277
      Virial theorem                                    0.9886294326
      Total spin, S(S+1)                                1.0112483774
      Total spin, S                                     0.6230531499
      Max non-diagonal density matrix element           0.0000005265
      Max non-diagonal Fock matrix element              0.0000000980
 
 
      All orbitals with orbital energies smaller than  E(LUMO)+0.5 are printed
 
++    Molecular orbitals:
      -------------------
 
      Title: UHF orbitals (alpha)

      Molecular orbitals for symmetry species 1: a  
 
          Orbital            1         2         3         4         5         6    
          Energy           -4.7120   -0.4864   -0.3146    0.1042    0.1042    0.1436
          Occ. No.          1.0000    1.0000    1.0000    0.0000    0.0000    0.0000
 
        1 BE1    1s         1.0000   -0.0073    0.0012    0.0000   -0.0000    0.0023
        2 BE1    2s         0.0023    0.1018   -0.9515    0.0000    0.0000    0.3346
        3 BE1    2px        0.0000    0.0000    0.0000   -0.1440    0.9896    0.0000
        4 BE1    2py       -0.0000   -0.0000   -0.0000    0.9896    0.1440   -0.0000
        5 BE1    2pz       -0.0006    0.0338    0.3056    0.0000   -0.0000    0.9843
        6 H2     1s         0.0002    0.9702    0.1629   -0.0000    0.0000   -0.3514
--
 
 
      Input file to MOLDEN was generated!
 
 
++    Static properties:
      ------------------
 
 
      LoProp Charges per center
 

                   BE1      H2    
      Nuclear      4.0000   1.0000
      Electronic  -3.9534  -1.0466
 
      Total        0.0466  -0.0466
--
 
 
      All orbitals with orbital energies smaller than  E(LUMO)+0.5 are printed
 
++    Molecular orbitals:
      -------------------
 
      Title: UHF orbitals (beta)

      Molecular orbitals for symmetry species 1: a  
 
          Orbital            1         2         3         4         5         6    
          Energy           -4.7109   -0.3166    0.0926    0.1073    0.1073    0.2496
          Occ. No.          1.0000    1.0000    0.0000    0.0000    0.0000    0.0000
 
        1 BE1    1s         1.0000   -0.0030   -0.0026    0.0000    0.0000   -0.0064
        2 BE1    2s         0.0023    0.9344   -0.3786    0.0000    0.0000   -0.1063
        3 BE1    2px        0.0000    0.0000    0.0000   -0.1442    0.9896   -0.0000
        4 BE1    2py        0.0000    0.0000    0.0000    0.9896    0.1442    0.0000
        5 BE1    2pz        0.0006    0.2847    0.7680   -0.0000   -0.0000   -0.6266
        6 H2     1s        -0.0000    0.0877    0.4066   -0.0000   -0.0000    0.9582
--
 
 
++    Molecular charges:
      ------------------
 
      Mulliken charges per centre and basis function type
      ---------------------------------------------------
 
                            BE1                     H2    
                     alpha        beta       alpha        beta
      1s           1.0000      1.0000      0.9787      0.0268
      2s           0.9068      0.8861      0.0000      0.0000
      2px          0.0000      0.0000      0.0000      0.0000
      2pz          0.1145      0.0871      0.0000      0.0000
      2py          0.0000      0.0000      0.0000      0.0000
      Total        2.0213      1.9732      0.9787      0.0268
      Total              3.9945                  1.0055
 
      Charge            0.0055                 -0.0055
 
      Total electronic charge=    5.000000
 
      Total            charge=   -0.000000
--
 
 
      Input file to MOLDEN was generated!
 
 
++    Static properties:
      ------------------
 
 
      LoProp Charges per center
 

                   BE1      H2    
      Nuclear      4.0000   1.0000
      Electronic  -3.9534  -1.0466
 
      Total        0.0466  -0.0466
--
 
 
++    Natural Bond Order analysis
      ---------------------------
      Based on LoProp computed density
      -------------------------------------------------------------------------------------
      Atom A       Atom B       Bond Order
      -------------------------------------------------------------------------------------
      NBO located      1.000 non-bonded electrons on atom BE1       
      The remaining    1.530 electrons are to be considered as diffuse
--
 
 
++    Molecular orbitals:
      -------------------
 
      Title: Natural orbitals

      Molecular orbitals for symmetry species 1: a  
 
          Orbital            1         2         3         4         5         6    
          Energy           -4.7114   -0.2996   -0.1446    0.1283    0.1057    0.1057
          Occ. No.          2.0000    1.8582    1.0000    0.1418    0.0000    0.0000
 
        1 BE1    1s         1.0000   -0.0017   -0.0062    0.0028    0.0000   -0.0000
        2 BE1    2s         0.0003    0.9448   -0.3569    0.0873   -0.0000    0.0000
        3 BE1    2px        0.0000   -0.0000    0.0000    0.0000   -0.1440    0.9896
        4 BE1    2py       -0.0000    0.0000   -0.0000    0.0000    0.9896    0.1440
        5 BE1    2pz        0.0000    0.0161    0.1738    1.0164    0.0000   -0.0000
        6 H2     1s        -0.0002    0.2074    0.9329   -0.4218    0.0000    0.0000
--
 
 
++    Molecular properties:
      ---------------------
 
      Charge (e):
                      =   -0.0000
      Dipole Moment (Debye):
      Origin of the operator (Ang)=    0.0000    0.0000    0.0000
                   X=  3.4464E-14               Y= -3.7691E-15               Z= -1.1122E-01           Total=  1.1122E-01
      Quadrupole Moment (Debye*Ang):
      Origin of the operator (Ang)=    0.0000    0.0000    0.2716
                  XX= -8.0590E+00              XY=  1.7381E-29              XZ= -2.7110E-14              YY= -8.0590E+00
                  YZ=  2.2690E-15              ZZ= -9.1862E+00
      In traceless form (Debye*Ang)
                  XX=  5.6361E-01              XY=  2.6072E-29              XZ= -4.0666E-14              YY=  5.6361E-01
                  YZ=  3.4034E-15              ZZ= -1.1272E+00
--
 
 
      Input file to MOLDEN was generated!
 
 ###############################################################################
 ###############################################################################
 ###                                                                         ###
 ###                                                                         ###
 ###    WARNING: RunFile label nBas                                          ###
 ###    was used       87 times                                              ###
 ###                                                                         ###
 ###                                                                         ###
 ###############################################################################
 ###############################################################################
--- Stop Module: scf at Mon Apr  1 18:31:29 2024 /rc=_RC_ALL_IS_WELL_ ---
*** files: 2.70.LprOrb 2.70.LoProp.molden 2.70.scf.molden 2.70.scf.h5 2.70.UhfOrb 2.70.UnaOrb xmldump
    saved to directory /home/grierjones/DDCASPT2/delta_ML/BeH/2.70

*** symbolic link created: INPORB -> 2.70.UnaOrb
--- Start Module: mbpt2 at Mon Apr  1 18:31:29 2024 ---
 
()()()()()()()()()()()()()()()()()()()()()()()()()()()()()()()()()()()()()()()()()()()()()()()()()()

                                               &MBPT2

                                   only a single process is used
                       available to each process: 2.0 GB of memory, 1 thread?
                                            pid: 241300
()()()()()()()()()()()()()()()()()()()()()()()()()()()()()()()()()()()()()()()()()()()()()()()()()()
 
 
 ###############################################################################
 ###############################################################################
 ###                                                                         ###
 ###                                                                         ###
 ###    WARNING: MP2 implementation intended for RHF references only         ###
 ###                                                                         ###
 ###                                                                         ###
 ###############################################################################
 ###############################################################################
MBPT2 WARNING: Reference function according to RunFile:UHF-SCF 
I'll assume you know what you're doing and continue
 
 
      Cartesian coordinates in Angstrom:
      -----------------------------------------------------
      No.  Label        X            Y            Z        
      -----------------------------------------------------
       1   BE1        0.00000000   0.00000000   0.00000000
       2   H2         0.00000000   0.00000000   2.70000000
      -----------------------------------------------------
      Nuclear repulsion energy =    0.78396624
 
      Contents of RUNFILE file:
      -------------------------
 
      Symmetry species                           1
                                                 a
      Number of basis functions                  6
      Frozen occupied orbitals                   1
      Active occupied orbitals                   2
      Active external orbitals                   3
      Deleted external orbitals                  0
 
 
      Reference numbers of frozen occupied orbitals according to the original input sequence
      symmetry species 1                        1
 
 
      Energies of the active occupied orbitals
 
      symmetry species 1                    -0.486383     -0.314580
 
 
      Energies of the active external orbitals
 
      symmetry species 1                     0.104214      0.104214      0.143600
 
 
      ********************************************************************************************************
      *                                               Results                                                *
      ********************************************************************************************************
 
 Conventional algorithm used...

       SCF energy                           =      -15.0712166766 a.u.
       Second-order correlation energy      =       -0.0151873754 a.u.

       Total energy                         =      -15.0864040520 a.u.
       Reference weight ( Cref**2 )         =        0.98281
 
::    Total MBPT2 energy                              -15.0864040520
 
 
       Zeroth-order energy (E0)             =      -10.2419470484 a.u.
 
       Shanks-type energy S1(E)             =      -15.0864519648 a.u.
 
 


       Data processing and timing information:

       Section                                              time(sec)
                                                          CPU  Elapsed

      Input data processing                              0.01      0.01
      Transformation of integrals                        0.00      0.01
      MBPT2 calculations (BJAI)                          0.00      0.00
      Total MBPT2 calculations                           0.01      0.02
 
 
--- Stop Module: mbpt2 at Mon Apr  1 18:31:29 2024 /rc=_RC_ALL_IS_WELL_ ---
*** files: xmldump
    saved to directory /home/grierjones/DDCASPT2/delta_ML/BeH/2.70

*** symbolic link created: INPORB -> 2.70.UnaOrb
--- Start Module: rasscf at Mon Apr  1 18:31:29 2024 ---
 
()()()()()()()()()()()()()()()()()()()()()()()()()()()()()()()()()()()()()()()()()()()()()()()()()()

                                              &RASSCF

                                   only a single process is used
                       available to each process: 2.0 GB of memory, 1 thread?
                                            pid: 241303
()()()()()()()()()()()()()()()()()()()()()()()()()()()()()()()()()()()()()()()()()()()()()()()()()()
 
 
      Header of the ONEINT file:
      --------------------------
      
      Integrals generated by Gateway/Seward, Mon Apr  1 18:31:28 2024
 
 
      OrdInt status: non-squared
 
 
      Cartesian coordinates in Angstrom:
      -----------------------------------------------------
      No.  Label        X            Y            Z        
      -----------------------------------------------------
       1   BE1        0.00000000   0.00000000   0.00000000
       2   H2         0.00000000   0.00000000   2.70000000
      -----------------------------------------------------
      Nuclear repulsion energy =    0.78396624
 
++    Wave function specifications:
      -----------------------------
 
      Number of closed shell electrons           2
      Number of electrons in active shells       3
      Max number of holes in RAS1 space          0
      Max nr of electrons in RAS3 space          0
      Number of inactive orbitals                1
      Number of active orbitals                  2
      Number of secondary orbitals               3
      Spin quantum number                      0.5
      State symmetry                             1
--
 
++    Orbital specifications:
      -----------------------
 
      Symmetry species                           1
                                                 a
      Frozen orbitals                            0
      Inactive orbitals                          1
      Active orbitals                            2
      RAS1 orbitals                              0
      RAS2 orbitals                              2
      RAS3 orbitals                              0
      Secondary orbitals                         3
      Deleted orbitals                           0
      Number of basis functions                  6
--
 
++    CI expansion specifications:
      ----------------------------
 
      Number of CSFs                             2
      Number of determinants                     2
      Number of root(s) required                 1
      Root chosen for geometry opt.              1
      CI root used                               1
         
      highest root included in the CI            1
      max. size of the explicit Hamiltonian      2
--
 
++    Optimization specifications:
      ----------------------------
 
      RASSCF algorithm: Conventional
      Maximum number of macro iterations       200
      Maximum number of SX iterations          100
      Threshold for RASSCF energy            1.000E-08
      Threshold for max MO rotation          1.000E-01
      Threshold for max BLB element          1.000E-04
      Level shift parameter                  5.000E-01
      Make Quasi-Newton update
--
 
      The MO-coefficients are taken from the file:
      /home/grierjones/DDCASPT2/delta_ML/BeH/2.60/2.60.RasOrb                                                                                                                                                                                                         
      Title: RASSCF average (pseudo-natural) orbitals                                      
 
      Total molecular charge    0.00
 
      ************************************************************************************************************************
      *                                                                                                                      *
      *                                            Wave function control section                                             *
      *                                                                                                                      *
      ************************************************************************************************************************
 
 
                                         RASSCF iterations: Energy and convergence statistics
                                         ----------------------------------------------------
 
      Iter CI   SX   CI       RASSCF       Energy    max ROT     max BLB   max BLB  Level Ln srch  Step   QN   Walltime
          iter iter root      energy       change     param      element    value   shift minimum  type update hh:mm:ss
 Nr of preliminary CI iterations:   1
        1   1    5    1   -15.06448510    0.00E+00   8.13E-03    3   6 1 -4.33E-03*  0.24   0.00    SX    NO    0:00:00
        2   1    5    1   -15.06452991   -4.48E-05*  2.17E-03    3   6 1 -1.15E-03*  0.24   0.00    SX    NO    0:00:00
        3   1    4    1   -15.06453328   -3.37E-06*  5.86E-04    3   6 1 -3.08E-04*  0.24   0.00    SX    NO    0:00:00
        4   1    4    1   -15.06453360   -3.22E-07*  1.65E-04    2   6 1  1.67E-04*  0.24   0.00    SX    NO    0:00:00
        5   1    4    1   -15.06453365   -5.09E-08*  1.43E-04    2   6 1  9.71E-05   0.24   1.87    LS   YES    0:00:00
        6   1    3    1   -15.06453367   -1.40E-08*  3.90E-05    2   6 1  3.62E-05   0.24   1.00    QN   YES    0:00:00
        7   1    3    1   -15.06453367   -3.15E-09   2.45E-05    2   6 1  1.40E-05   0.24   1.63    QN   YES    0:00:00
      Convergence after  7 iterations
        8   1    3    1   -15.06453367   -5.50E-10   2.45E-05    1   3 1 -4.77E-08   0.24   1.63    QN   YES    0:00:00
 
      ************************************************************************************************************************
                                                      Wave function printout:
                       occupation of active orbitals, and spin coupling of open shells (u,d: Spin up or down)
      ************************************************************************************************************************
 
      Note: transformation to natural orbitals
      has been made, which may change the order of the CSFs.
 
      printout of CI-coefficients larger than  0.05 for root  1
      energy=     -15.064534
      conf/sym  11     Coeff  Weight
             1  2u   1.00000 1.00000
 
      Natural orbitals and occupation numbers for root  1
      sym 1:   2.000000   1.000000
 
      ************************************************************************************************************************
      *                                                                                                                      *
      *                                                    Final results                                                     *
      *                                                                                                                      *
      ************************************************************************************************************************
 
 
++    Wave function specifications:
      -----------------------------
 
      Number of closed shell electrons           2
      Number of electrons in active shells       3
      Max number of holes in RAS1 space          0
      Max nr of electrons in RAS3 space          0
      Number of inactive orbitals                1
      Number of active orbitals                  2
      Number of secondary orbitals               3
      Spin quantum number                      0.5
      State symmetry                             1
--
 
++    Orbital specifications:
      -----------------------
 
      Symmetry species                           1
                                                 a
      Frozen orbitals                            0
      Inactive orbitals                          1
      Active orbitals                            2
      RAS1 orbitals                              0
      RAS2 orbitals                              2
      RAS3 orbitals                              0
      Secondary orbitals                         3
      Deleted orbitals                           0
      Number of basis functions                  6
--
 
++    CI expansion specifications:
      ----------------------------
 
      Number of CSFs                             2
      Number of determinants                     2
      Number of root(s) required                 1
      CI root used                               1
      highest root included in the CI            1
      Root passed to geometry opt.               1
--
 
++    Final optimization conditions:
      ------------------------------
 
      Average CI energy                             -15.06453367
      RASSCF energy for state  1                    -15.06453367
      Super-CI energy                                -0.00000000
      RASSCF energy change                           -0.00000000
      Max change in MO coefficients               2.525E-05
      Max non-diagonal density matrix element     2.453E-05
      Maximum BLB matrix element                 -4.765E-08
      (orbital pair   1,   3 in symmetry   1)
      Norm of electronic gradient            9.056E-08
--
 
 
      Final state energy(ies):
      ------------------------
 
::    RASSCF root number  1 Total energy:    -15.06453367
 
++    Molecular orbitals:
      -------------------
 
      Pseudonatural active orbitals and approximate occupation numbers
 
 
 
 
      Molecular orbitals for symmetry species 1: a  
 
 
      Orbital                 1         2         3         4         5         6
      Energy            -4.7018   -0.3097   -0.0309    0.1069    0.1069    0.1403
      Occ. No.           2.0000    2.0000    1.0000    0.0000    0.0000    0.0000
 
     1 BE1    1s         1.0000   -0.0031   -0.0068   -0.0000    0.0000   -0.0021
     2 BE1    2s         0.0027    0.9878   -0.2202    0.0000   -0.0000   -0.0583
     3 BE1    2px        0.0000   -0.0000   -0.0000    0.1311   -0.9914    0.0000
     4 BE1    2py        0.0000    0.0000   -0.0000   -0.9914   -0.1311    0.0000
     5 BE1    2pz        0.0001   -0.0044    0.0622   -0.0000   -0.0000   -1.0294
     6 H2     1s         0.0000    0.0641    0.9938   -0.0000   -0.0000    0.3155
--
 
      Von Neumann Entropy (Root   1) =  0.50000
 

      Mulliken population analysis for root number:  1
      -----------------------------------------------
 
 
++    Molecular charges:
      ------------------
 
      Mulliken charges per centre and basis function type
      ---------------------------------------------------
 
                BE1     H2    
      1s       2.0000  0.9959
      2s       1.9854  0.0000
      2px      0.0000  0.0000
      2pz      0.0187  0.0000
      2py      0.0000  0.0000
      Total    4.0041  0.9959
 
      N-E     -0.0041  0.0041
 
      Total electronic charge=    5.000000
 
      Total            charge=   -0.000000
--
 
 

      Expectation values of various properties for root number:  1
      -----------------------------------------------------------
 
 
++    Molecular properties:
      ---------------------
 
      Charge (e):
                      =   -0.0000
      Dipole Moment (Debye):
      Origin of the operator (Ang)=    0.0000    0.0000    0.0000
                   X=  1.1779E-12               Y= -5.3666E-13               Z=  1.6894E-01           Total=  1.6894E-01
      Quadrupole Moment (Debye*Ang):
      Origin of the operator (Ang)=    0.0000    0.0000    0.2716
                  XX= -8.2430E+00              XY=  1.7540E-26              XZ= -2.5093E-13              YY= -8.2430E+00
                  YZ=  1.9759E-13              ZZ= -8.3670E+00
      In traceless form (Debye*Ang)
                  XX=  6.2014E-02              XY=  2.6310E-26              XZ= -3.7639E-13              YY=  6.2014E-02
                  YZ=  2.9638E-13              ZZ= -1.2403E-01
--
 

      Mulliken spin population analysis for root number:  1
      ---------------------------------------------------
 
 
++    Molecular charges:
      ------------------
 
      Mulliken spin population per centre and basis function type
      ---------------------------------------------------
 
                BE1     H2    
      1s      -0.0000  0.9676
      2s       0.0136  0.0000
      2px      0.0000  0.0000
      2pz      0.0188  0.0000
      2py      0.0000  0.0000
      Total    0.0324  0.9676
 
      Total electronic spin=    1.000000
--
 
 

      LoProp population analysis for root number:  1
      -----------------------------------------------
 
 
++    LoProp analysis:
      ----------------
 
 
 
      Input file to MOLDEN was generated!
 
 
++    Static properties:
      ------------------
 
 
      LoProp Charges per center
 

                   BE1      H2    
      Nuclear      4.0000   1.0000
      Electronic  -3.9834  -1.0166
 
      Total        0.0166  -0.0166
--
 
 
      Natural Bond Order analysis for root number:  1
 
++    Natural Bond Order analysis
      ---------------------------
      Based on LoProp computed density
      -------------------------------------------------------------------------------------
      Atom A       Atom B       Bond Order
      -------------------------------------------------------------------------------------
      NBO located      1.000 non-bonded electrons on atom BE1       
      NBO located      0.986 non-bonded electrons on atom BE1       
      The remaining    0.514 electrons are to be considered as diffuse
--
 
--
 
 
      Input file to MOLDEN was generated!
 
 
      Input file to MOLDEN was generated!
 
      Average orbitals are written to the RASORB file
      Natural orbitals for root   1 are written to the RASORB.1 file
      Spin density orbitals for root   1 are written to the SPDORB.1 file
 
--- Stop Module: rasscf at Mon Apr  1 18:31:29 2024 /rc=_RC_ALL_IS_WELL_ ---
*** files: 2.70.LprOrb 2.70.rasscf.molden.1 2.70.rasscf.molden 2.70.LoProp.molden 2.70.RasOrb.1 2.70.RasOrb 2.70.rasscf.h5 2.70.SpdOrb.1 xmldump
    saved to directory /home/grierjones/DDCASPT2/delta_ML/BeH/2.70

*** symbolic link created: INPORB -> 2.70.RasOrb
--- Start Module: caspt2 at Mon Apr  1 18:31:29 2024 ---
 
()()()()()()()()()()()()()()()()()()()()()()()()()()()()()()()()()()()()()()()()()()()()()()()()()()

                                              &CASPT2

                                   only a single process is used
                       available to each process: 2.0 GB of memory, 1 thread?
                                            pid: 241308
()()()()()()()()()()()()()()()()()()()()()()()()()()()()()()()()()()()()()()()()()()()()()()()()()()
 
 
++    Wave function specifications:
      -----------------------------
 
      Number of closed shell electrons           0
      Number of electrons in active shells       3
      Max number of holes in RAS1 space          0
      Max number of electrons in RAS3 space      0
      Number of inactive orbitals                0
      Number of active orbitals                  2
      Number of secondary orbitals               3
      Spin quantum number                      0.5
      State symmetry                             1
      Number of CSFs                             2
      Number of CASSCF root(s) available         1
      CASPT2 state passed to geometry opt.       1
      A file JOBMIX will be created
      This is a CASSCF or RASSCF reference function
--
 
++    Orbital specifications:
      -----------------------
 
      Symmetry species                           1
                                                 a
      Frozen orbitals                            1
      Inactive orbitals                          0
      Active orbitals                            2
      Secondary orbitals                         3
      Deleted orbitals                           0
      Number of basis functions                  6
--
 
++    CASPT2 specifications:
      ----------------------
 
      Type of calculation                        SS-CASPT2
      Fock operator                              state-specific
      IPEA shift                                 0.25
      Real shift                                 0.00
      Imaginary shift                            0.00
      The input orbitals will be transformed to quasi-canonical
--
 
--------------------------------------------------------------------------------
 Estimated memory requirements:
  POLY3 :                   250056
  RHS:                      250134
  SIGMA :                   250096
  PRPCTL:                        0
 Available workspace:    230392863
 
++ CASPT2 computation for group   1
 
********************************************************************************
 Multi-State initialization phase begins for group   1
--------------------------------------------------------------------------------
********************************************************************************
 Compute H0 matrices for state    1
--------------------------------------------------------------------------------
--------------------------------------------------------------------------------
 H0 matrices have been computed.
 
********************************************************************************
  CASPT2 EQUATION SOLUTION
--------------------------------------------------------------------------------
 
  Total nr of CASPT2 parameters:
   Before reduction:          45
   After  reduction:          27
 
 Variance of |WF0>:       0.0169700410
 
 The contributions to the second order correlation energy in atomic units.
-----------------------------------------------------------------------------------------------------------------------------
  IT.      VJTU        VJTI        ATVX        AIVX        VJAI        BVAT        BJAT        BJAI        TOTAL       RNORM  
-----------------------------------------------------------------------------------------------------------------------------
   1     0.000000    0.000000   -0.000797    0.000000    0.000000   -0.019274    0.000000    0.000000   -0.020071    0.000206
   2     0.000000    0.000000   -0.000797    0.000000    0.000000   -0.019289    0.000000    0.000000   -0.020086    0.000006
-----------------------------------------------------------------------------------------------------------------------------
 
  FINAL CASPT2 RESULT:
 
      Reference energy:         -15.0645336702
      E2 (Non-variational):      -0.0200856117
      E2 (Variational):          -0.0200856102
      Total energy:             -15.0846192805
      Residual norm:              0.0000001490
      Reference weight:           0.97667
 
      Contributions to the CASPT2 correlation energy
      Active & Virtual Only:         -0.0200856117
      One Inactive Excited:           0.0000000000
      Two Inactive Excited:           0.0000000000
 
 
++ Denominators, etc.
--------------------------------------------------------------------------------------------------------------
 Report on small energy denominators, large coefficients, and large energy contributions.
CASE  SYMM ACTIVE-MIX  NON-ACTIVE INDICES          DENOMINATOR     RHS VALUE       COEFFICIENT     CONTRIBUTION
ATVX     1  Mu1.0004  Se1.006                       0.83042349     -0.02314471      0.03068471     -0.00071019
BVATP    1  Mu1.0001  Se1.004 Se1.004               0.76100287     -0.03132539      0.04116330     -0.00128946
BVATP    1  Mu1.0002  Se1.004 Se1.004               0.85123111     -0.06767801      0.07950604     -0.00538081
BVATP    1  Mu1.0001  Se1.005 Se1.005               0.76100287     -0.03132539      0.04116330     -0.00128946
BVATP    1  Mu1.0002  Se1.005 Se1.005               0.85123111     -0.06767801      0.07950604     -0.00538081
BVATP    1  Mu1.0001  Se1.006 Se1.006               0.82786651     -0.02989947      0.03806212     -0.00113804
BVATP    1  Mu1.0002  Se1.006 Se1.006               0.91809475     -0.06615053      0.07271347     -0.00481003
--
 
   (Skipping property calculation,
    use PROP keyword to activate)
--
 
  Total CASPT2 energies:
::    CASPT2 Root  1     Total energy:    -15.08461928
 
  A NEW JOBIPH FILE NAMED 'JOBMIX' IS PREPARED.
********************************************************************************
--- Stop Module: caspt2 at Mon Apr  1 18:31:29 2024 /rc=_RC_ALL_IS_WELL_ ---
*** files: xmldump
    saved to directory /home/grierjones/DDCASPT2/delta_ML/BeH/2.70

.##################.
.# Happy landing! #.
.##################.

    Timing: Wall=1.22 User=0.93 System=0.18
************************************
*** WorkDir at /tmp/2.70 removed ***
************************************
