   This run of MOLCAS is using the pymolcas driver

                                                  EPO
              OS   A CLOMNE  POSAC  LOMN          EPO
              PO  SA     CL OM  NE PO  SA        CLOMN        EPO
              NE POS     AC LO  MN EP  OS        AC LO       MNEPO
              LOMNEP   OSAC  LOMNE PO  SA       CL   OM      NE PO
              OSA CL     OM     NE PO  SA       CL   OM     NE  PO
              PO  SA     CL     OM NE  PO       SA  C  LOMN  E   PO
              M   NE POSACL     OM  NEPO        SA CL   OMN   E  PO
                                               OS  ACL  OM   NEP  O
                                             PO    SAC   L   OMN   EPO
                                         EPOSAC   LOMNE     POSAC  LOMNEPO
                                      EPOSACLOM   NEPOSACLOMNEPOS   ACLOMNEPO
                                     SAC    LOM   NE           PO   SACLOMNEPO
                                     ACL     O        MNE  PO       SACLOMNEPO
                                     OMN  E  P     OSACLOM  NEPO    SACLOMNEPO
                                     LOM  N  E               PO     SACLOMNEPO
               SACL    OM    NEPO    SAC  L  O   MNEP           OS   ACLOMNEPO
              O   SA  CLOM  NE  PO   SAC  L  O   MNE           POS   ACLOMNEPO
                  OM NE  PO      S   ACL  O      MN           EPOS   ACLOMNEPO
               EPOS  AC  LO      M   NEP  O         SA                CLOMNEPO
              SA     CLOMNE      P   OSA  C        LOMN  EPOSACL        OMNEPO
              OM   N EP  OS AC  LO   MN   E     P     OS  ACL      OMN     EPO
               OMNE  P    O  SACL        OMN   EPOS            ACLOMNEPO
                                      ACLOMNEPOSACLOMNEPOSACLOMNEPOSACLOMNEPO
                                         EPOSACLOMNEPOSACLOMNEPOSACLOMNEPO
                                             MNEPOSACLOMNEPOSACLOMNEPO
                          20.42 :noisrev        ACLOMNEPOSACLOMNEPO
                                                    OSACLOMNEPO
                     f8c40b116g-621 :gat                EPO

            ti yfidom ro/dna ti etubirtsider nac uoy ;erawtfos eerf si sacloMnepO
            .1.2 noisrev esneciL cilbuP lareneG resseL UNG eht fo smret eht rednu
             ti tub ,lufesu eb lliw ti taht epoh eht ni detubirtsid si sacloMnepO
               .seitnarraw deilpmi ro sserpxe yna tuohtiw dna "si sa" dedivorp si
                    elif eht ni esnecil eht fo txet lluf eht ees sliated erom roF
                                    .>/sesnecil/gro.ung.www//:ptth< ni ro ESNECIL

                             srohtuA sacloMnepO ehT )C( thgirypoC
                      ,noitatic dednemmocer eht dna tsil rohtua eht roF
                               dm.SROTUBIRTNOC elif eht tlusnoc

           *************************************************
           * pymolcas version py2.28                       *
           *   build c4a6d18ded8cb6cad61d2372a9abd97c      *
           *   (after the EMIL interpreter by V. Veryazov) *
           *************************************************

configuration info
------------------
Host name: debian (Linux)
C Compiler ID: GNU
C flags: -std=gnu99
Fortran Compiler ID: Intel
Fortran flags: -fpp -i8 -heap-arrays
Definitions: _MOLCAS_;_I8_;_LINUX_
Parallel: OFF (GA=OFF)


   -----------------------------------------------------------------
  |
  |              Project: 2.20
  |       Submitted from: /home/grierjones/DDCASPT2/delta_ML/CN/2.20
  |         Scratch area: /tmp/2.20
  |      Save outputs to: /home/grierjones/DDCASPT2/delta_ML/CN/2.20
  |               Molcas: /usr/local
  |
  | Scratch area is empty
  |
  |       MOLCAS_DRIVER = /usr/local/pymolcas
  | MOLCAS_KEEP_WORKDIR = NO
  |  MOLCAS_NEW_WORKDIR = YES
  |       MOLCAS_NPROCS = 1
  |       MOLCAS_SOURCE = /usr/local
  |    MOLCAS_STRUCTURE = 0
  |
   -----------------------------------------------------------------

++ ---------   Input file   ---------

&GATEWAY
coord=2.20.xyz
Basis = ANO-RCC-MB
Group = nosymm
End of Input

&SEWARD
End of Input

&SCF
UHF

&MBPT2

&RASSCF
Title= RASSCF
FileOrb
/home/grierjones/DDCASPT2/delta_ML/CN/2.10/2.10.RasOrb

NACTEL
3 0 0
Inactive
5
RAS2
2
Symmetry
1
Spin
2
orblisting
all
ITERation
200 100
CIMX
200
SDAV
500

&CASPT2
Imaginary Shift
0.0

-- ----------------------------------

--- Start Module: gateway at Mon Apr  1 18:35:33 2024 ---
 
()()()()()()()()()()()()()()()()()()()()()()()()()()()()()()()()()()()()()()()()()()()()()()()()()()

                                              &GATEWAY

                                   only a single process is used
                       available to each process: 2.0 GB of memory, 1 thread?
                                            pid: 245923
()()()()()()()()()()()()()()()()()()()()()()()()()()()()()()()()()()()()()()()()()()()()()()()()()()
 
 
++    Symmetry information:
      ---------------------
 
                    Character Table for C1 
 
                             E  
                    a        1  x, y, xy, Rz, z, xz, Ry, yz, Rx, I
--
 
 
++    Basis set information:
      ----------------------
 
 
      Basis set label: C.ANO-RCC...2S1P.
 
      Electronic valence basis set:
      ------------------
      Associated Effective Charge   6.000000 au
      Associated Actual Charge      6.000000 au
      Nuclear Model: Point charge
 
      Shell  nPrim  nBasis  Cartesian Spherical Contaminant
         s      14       2        X                  
         p       9       1        X                  
 
 
      Basis set label: N.ANO-RCC...2S1P.
 
      Electronic valence basis set:
      ------------------
      Associated Effective Charge   7.000000 au
      Associated Actual Charge      7.000000 au
      Nuclear Model: Point charge
 
      Shell  nPrim  nBasis  Cartesian Spherical Contaminant
         s      14       2        X                  
         p       9       1        X                  
--
 
 
++    Molecular structure info:
      -------------------------
 
                    ************************************************ 
                    **** Cartesian Coordinates / Bohr, Angstrom **** 
                    ************************************************ 
 
     Center  Label                x              y              z                     x              y              z
        1      C1               0.000000       0.000000       0.000000              0.000000       0.000000       0.000000
        2      N2               0.000000       0.000000       4.157397              0.000000       0.000000       2.200000
--
 
 
            Nuclear Potential Energy             10.10247403 au
 
--- Stop Module: gateway at Mon Apr  1 18:35:34 2024 /rc=_RC_ALL_IS_WELL_ ---
*** files: xmldump
    saved to directory /home/grierjones/DDCASPT2/delta_ML/CN/2.20

--- Start Module: seward at Mon Apr  1 18:35:34 2024 ---
 
()()()()()()()()()()()()()()()()()()()()()()()()()()()()()()()()()()()()()()()()()()()()()()()()()()

                                              &SEWARD

                                   only a single process is used
                       available to each process: 2.0 GB of memory, 1 thread?
                                            pid: 245926
()()()()()()()()()()()()()()()()()()()()()()()()()()()()()()()()()()()()()()()()()()()()()()()()()()
 
               SEWARD will generate:
                  Multipole Moment integrals up to order  2
                  Kinetic Energy integrals
                  Nuclear Attraction integrals (point charge)
                  One-Electron Hamiltonian integrals
                  Velocity integrals
                  Relativistic Douglas-Kroll-Hess integrals:
                    - Parametrization         : EXP
                    - DKH order of Hamiltonian: 2
                    - DKH order of Properties : 0
                         - multipole moment operators
                         - electric potential operators
                         - contact operators
                  Orbital angular momentum around ( 0.0000  0.0000  2.2388 )
                  Velocity quadrupole around ( 0.0000  0.0000  2.2388 )
                  Atomic mean-field integrals
                  Two-Electron Repulsion integrals
 
                   Integrals are discarded if absolute value <: 1.00E-14
                   Integral cutoff threshold is set to       <: 1.00E-16
 
            Nuclear Potential Energy             10.10247403 au
 
 
      Basis set specifications :
      Symmetry species         a  
      Basis functions           10
 
 
      Input file to MOLDEN was generated!
 
--- Stop Module: seward at Mon Apr  1 18:35:34 2024 /rc=_RC_ALL_IS_WELL_ ---
*** files: 2.20.GssOrb 2.20.guessorb.h5 2.20.guessorb.molden xmldump
    saved to directory /home/grierjones/DDCASPT2/delta_ML/CN/2.20

*** symbolic link created: INPORB -> 2.20.GssOrb
--- Start Module: scf at Mon Apr  1 18:35:34 2024 ---
 
()()()()()()()()()()()()()()()()()()()()()()()()()()()()()()()()()()()()()()()()()()()()()()()()()()

                                                &SCF

                                   only a single process is used
                       available to each process: 2.0 GB of memory, 1 thread?
                                            pid: 245929
()()()()()()()()()()()()()()()()()()()()()()()()()()()()()()()()()()()()()()()()()()()()()()()()()()
 
++    Input section:
      --------------
 
      Header of the integral files:
      
       Integrals generated by Gateway/Seward, Mon Apr  1 18:35:34 2024
 
 
      Cartesian coordinates in Angstrom:
      -----------------------------------------------------
      No.  Label        X            Y            Z        
      -----------------------------------------------------
       1   C1         0.00000000   0.00000000   0.00000000
       2   N2         0.00000000   0.00000000   2.20000000
      -----------------------------------------------------
      Nuclear repulsion energy =   10.10247403
--
 
++    Orbital specifications:
      -----------------------
 
      Symmetry species               1
                                     a
      Frozen orbitals                0
      Occupied orbitals alpha        7
      Occupied orbitals beta         6
      Secondary orbitals alpha       3
      Secondary orbitals beta        4
      Deleted orbitals               0
      Total number of orbitals      10
      Number of basis functions     10
--
 
      Molecular charge                           0.000
 
++    Optimization specifications:
      ----------------------------
 
      SCF Algorithm: Conventional USCF
      D(i)-D(i-1) density differences are used
      Number of density matrices in core                 5
      Maximum number of NDDO SCF iterations            400
      Maximum number of HF SCF iterations              400
      Threshold for SCF energy change             1.00E-09
      Threshold for density matrix                1.00E-04
      Threshold for Fock matrix                   1.50E-04
      Threshold for linear dependence             1.00E-09
      Threshold at which DIIS is turned on        1.50E-01
      Maximum depth in the DIIS procedure                5
      Maximum depth in the BFGS Hessian update          30
      Threshold at which QNR/C2DIIS is turned on  7.50E-02
      Threshold for Norm(delta) (QNR/C2DIIS)      1.00E-03
      All orbitals punched on: UHFORB
--
 
      Input vectors read from INPORB
      Orbital file label: *Guess orbitals
 
 
++ Convergence information
                               UHF SCF        iterations: Energy and convergence statistics
 
Iter     Tot. SCF        One-elec.       Two-elec.     Energy      Max Dij or  Max Fij      DNorm      TNorm      AccCon     Time
         Energy          Energy          Energy        Change      Delta Norm                                                in Sec.
   1   -90.770140174  -146.849877507    45.977263306   0.00E+00    9.01E-01*   5.86E-01*    5.15E+00   2.14E+01   None         0.
   2   -86.534208082  -140.604493326    43.967811218   4.24E+00*   5.77E-01*   2.65E-01*    4.69E+00   2.03E+01   EDIIS        0.
   3   -90.874182601  -143.165624914    42.188968286  -4.34E+00*   2.23E-01*   1.05E-01*    2.51E+00   2.04E+01   EDIIS        0.
   4   -91.698911242  -145.417530776    43.616145508  -8.25E-01*   3.92E-01*   8.33E-02*    8.80E-01   2.09E+01   EDIIS        0.
   5   -91.590930327  -144.265024651    42.571620298   1.08E-01*   1.31E-01*   4.00E-02*    8.62E-01   2.06E+01   EDIIS        0.
   6   -91.738562010  -144.918396008    43.077359971  -1.48E-01*   1.56E-01*   3.47E-02*    2.78E-01   2.07E+01   c2DIIS       0.
   7   -91.761646509  -145.051796437    43.187675903  -2.31E-02*   8.89E-02*   5.67E-02*    3.15E-01   2.08E+01   c2DIIS       0.
   8   -91.742249610  -145.035674424    43.190950788   1.94E-02*   1.02E-01*   3.09E-02*    2.37E-01   2.08E+01   c2DIIS       0.
   9   -91.744536123  -145.119804239    43.272794090  -2.29E-03*   1.31E-01*   8.67E-02*    1.73E-01   2.08E+01   c2DIIS       0.
  10   -91.719695842  -145.334693774    43.512523906   2.48E-02*   1.96E-01*   4.79E-02*    3.62E-01   2.09E+01   c2DIIS       0.
  11   -91.711711404  -145.470505410    43.656319979   7.98E-03*   8.97E-02*   5.22E-02*    4.57E-01   2.09E+01   c2DIIS       0.
  12   -91.733828494  -145.111404261    43.275101740  -2.21E-02*   3.26E-02*   2.85E-02*    2.44E-01   2.08E+01   c2DIIS       0.
  13   -91.732332819  -145.070260909    43.235454064   1.50E-03*   1.10E-01*   1.39E-02*    1.25E-01   2.08E+01   QNRc2DIIS    0.
  14   -91.730902861  -144.943549655    43.110172767   1.43E-03*   8.42E-02*   2.70E-02*    1.18E-01   2.07E+01   QNRc2DIIS    0.
 DIIS_X: Resetting kOptim!
         Caused by energies and gradients which are inconsistent with a convex e
 nergy functional.
 kOptim=                     3 -> kOptim=                     1
  15   -91.734140691  -145.023645043    43.187030325  -3.24E-03*   1.75E-01*   1.43E-02*    8.77E-02   2.08E+01   QNRc2DIIS    0.
 DIIS_X: Resetting BFGS depth!
         Too large B matrix values.
 DIIS_X: Resetting kOptim!
         Caused by energies and gradients which are inconsistent with a convex e
 nergy functional.
 kOptim=                     2 -> kOptim=                     1
  16   -91.738844843  -145.117111481    43.275792612  -4.70E-03*   4.55E-01*   4.16E-02*    1.87E-01   2.08E+01   QNRc2DIIS    0.
 DIIS_X: Resetting BFGS depth!
         Too large B matrix values.
 DIIS_X: Resetting kOptim!
         Caused by energies and gradients which are inconsistent with a convex e
 nergy functional.
 kOptim=                     2 -> kOptim=                     1
  17   -91.750944387  -144.758790953    42.905372541  -1.21E-02*   8.98E-01*   9.84E-02*    4.61E-01   2.07E+01   QNRc2DIIS    0.
 DIIS_X: Resetting BFGS depth!
         Too large B matrix values.
  18   -91.748780054  -145.590724997    43.739470917   2.16E-03*   7.27E-01*   2.28E-01*    1.08E+00   2.09E+01   QNRc2DIIS    0.
 DIIS_X: Resetting BFGS depth!
         Too large B matrix values.
 DIIS_X: Resetting kOptim!
         Caused by energies and gradients which are inconsistent with a convex e
 nergy functional.
 kOptim=                     3 -> kOptim=                     1
  19   -91.914772034  -145.214609947    43.197363887  -1.66E-01*   1.04E+00*   1.56E-01*    8.38E-01   2.08E+01   QNRc2DIIS    0.
  20   -92.018785392  -144.626165305    42.504905887  -1.04E-01*   8.05E-01*   1.69E-01*    1.25E+00   2.07E+01   QNRc2DIIS    0.
  21   -92.098002717  -144.875184488    42.674707745  -7.92E-02*   2.34E-01*   7.68E-02*    1.07E+00   2.08E+01   QNRc2DIIS    0.
  22   -92.111788974  -144.979709759    42.765446759  -1.38E-02*   1.50E-01*   2.49E-02*    3.46E-01   2.08E+01   QNRc2DIIS    0.
  23   -92.114239303  -145.004067085    42.787353756  -2.45E-03*   5.52E-02*   1.48E-02*    2.15E-01   2.08E+01   QNRc2DIIS    0.
  24   -92.114851031  -145.022402042    42.805076984  -6.12E-04*   7.72E-02*   4.41E-03*    8.51E-02   2.08E+01   QNRc2DIIS    0.
  25   -92.114871685  -145.022837142    42.805491431  -2.07E-05*   5.30E-02*   7.90E-03*    1.13E-01   2.08E+01   QNRc2DIIS    0.
  26   -92.115199572  -145.033346056    42.815672458  -3.28E-04*   1.94E-02*   1.30E-03*    7.91E-02   2.08E+01   QNRc2DIIS    0.
  27   -92.115221018  -145.035541695    42.817846651  -2.14E-05*   3.31E-03*   6.76E-04*    2.96E-02   2.08E+01   QNRc2DIIS    0.
  28   -92.115222553  -145.035860955    42.818164375  -1.54E-06*   1.89E-03*   3.53E-04*    4.78E-03   2.08E+01   QNRc2DIIS    0.
  29   -92.115222994  -145.036190697    42.818493677  -4.41E-07*   2.76E-04    3.04E-05     2.71E-03   2.08E+01   QNRc2DIIS    0.
  30   -92.115223002  -145.036248839    42.818551810  -8.26E-09*   8.77E-06    3.58E-06     4.07E-04   2.08E+01   QNRc2DIIS    0.
  31   -92.115223002  -145.036251647    42.818554618  -2.00E-11    1.88E-06    5.09E-07     1.44E-05   2.08E+01   QNRc2DIIS    0.
 
       Convergence after  31 Macro Iterations
--
 
 *****************************************************************************************************************************
 *                                                                                                                           *
 *                                             SCF/KS-DFT Program, Final results                                             *
 *                                                                                                                           *
 *                                                                                                                           *
 *                                                                                                                           *
 *                                                       Final Results                                                       *
 *                                                                                                                           *
 *****************************************************************************************************************************
 
::    Total SCF energy                                -92.1152230025
      One-electron energy                            -145.0362516473
      Two-electron energy                              42.8185546185
      Nuclear repulsion energy                         10.1024740263
      Kinetic energy (interpolated)                    93.1893294741
      Virial theorem                                    0.9884739328
      Total spin, S(S+1)                                2.7401360657
      Total spin, S                                     1.2292009905
      Max non-diagonal density matrix element           0.0000010866
      Max non-diagonal Fock matrix element              0.0000001425
 
 
      All orbitals with orbital energies smaller than  E(LUMO)+0.5 are printed
 
++    Molecular orbitals:
      -------------------
 
      Title: UHF orbitals (alpha)

      Molecular orbitals for symmetry species 1: a  
 
          Orbital            1         2         3         4         5         6         7         8         9        10    
          Energy          -15.6420  -11.1987   -1.1603   -0.6251   -0.5760   -0.5760   -0.4983    0.2186    0.2405    0.2405
          Occ. No.          1.0000    1.0000    1.0000    1.0000    1.0000    1.0000    1.0000    0.0000    0.0000    0.0000
 
        1 C1     1s        -0.0001    1.0000    0.0045   -0.0057   -0.0000    0.0000   -0.0117    0.0050    0.0000   -0.0000
        2 C1     2s        -0.0007   -0.0048   -0.0249    0.5506   -0.0000    0.0000   -0.8391    0.1703    0.0000   -0.0000
        3 C1     2px        0.0000    0.0000   -0.0000   -0.0000    0.0186   -0.0019    0.0000    0.0000   -0.8215    0.5738
        4 C1     2py       -0.0000    0.0000    0.0000   -0.0000    0.0019    0.0186    0.0000    0.0000    0.5738    0.8215
        5 C1     2pz       -0.0007    0.0002   -0.0115    0.0150    0.0000   -0.0000    0.1586    1.0206    0.0000   -0.0000
        6 N2     1s         1.0000   -0.0000   -0.0021   -0.0036    0.0000   -0.0000    0.0027   -0.0162   -0.0000    0.0000
        7 N2     2s        -0.0022   -0.0003   -0.9949   -0.0889    0.0000   -0.0000    0.0702   -0.2039   -0.0000    0.0000
        8 N2     2px       -0.0000   -0.0000    0.0000    0.0000    0.9935   -0.1007   -0.0000   -0.0000    0.0699   -0.0488
        9 N2     2py       -0.0000   -0.0000   -0.0000    0.0000    0.1007    0.9935    0.0000   -0.0000   -0.0488   -0.0699
       10 N2     2pz       -0.0003    0.0001    0.0122   -0.7559    0.0000    0.0000   -0.6298    0.3022    0.0000   -0.0000
--
 
 
      Input file to MOLDEN was generated!
 
 
++    Static properties:
      ------------------
 
 
      LoProp Charges per center
 

                   C1       N2    
      Nuclear      6.0000   7.0000
      Electronic  -6.0480  -6.9520
 
      Total       -0.0480   0.0480
--
 
 
      All orbitals with orbital energies smaller than  E(LUMO)+0.5 are printed
 
++    Molecular orbitals:
      -------------------
 
      Title: UHF orbitals (beta)

      Molecular orbitals for symmetry species 1: a  
 
          Orbital            1         2         3         4         5         6         7         8         9        10    
          Energy          -15.5495  -11.2454   -0.8217   -0.7073   -0.3995   -0.3995    0.0828    0.2266    0.2266    0.3139
          Occ. No.          1.0000    1.0000    1.0000    1.0000    1.0000    1.0000    0.0000    0.0000    0.0000    0.0000
 
        1 C1     1s        -0.0000    1.0000   -0.0028    0.0039    0.0000   -0.0000    0.0051   -0.0000   -0.0000    0.0112
        2 C1     2s        -0.0003    0.0003    0.8005    0.5991    0.0000   -0.0000    0.1235   -0.0000   -0.0000    0.1480
        3 C1     2px        0.0000    0.0000   -0.0000    0.0000   -0.1392   -0.9860   -0.0000   -0.0047    0.1135    0.0000
        4 C1     2py       -0.0000    0.0000   -0.0000    0.0000    0.9860   -0.1392   -0.0000    0.1135    0.0047    0.0000
        5 C1     2pz       -0.0002    0.0007    0.0771   -0.0116   -0.0000    0.0000   -0.8089    0.0000    0.0000    0.6377
        6 N2     1s         1.0000   -0.0001   -0.0010   -0.0109    0.0000   -0.0000    0.0122   -0.0000    0.0000   -0.0108
        7 N2     2s        -0.0089   -0.0007    0.4956   -0.8640    0.0000   -0.0000    0.1852   -0.0000    0.0000   -0.1336
        8 N2     2px        0.0000    0.0000    0.0000   -0.0000   -0.0066   -0.0467   -0.0000    0.0417   -1.0002   -0.0000
        9 N2     2py        0.0000    0.0000   -0.0000   -0.0000    0.0467   -0.0066   -0.0000   -1.0002   -0.0417   -0.0000
       10 N2     2pz       -0.0001    0.0006   -0.0363   -0.0018    0.0000   -0.0000    0.4731   -0.0000   -0.0000    0.9135
--
 
 
++    Molecular charges:
      ------------------
 
      Mulliken charges per centre and basis function type
      ---------------------------------------------------
 
                            C1                      N2    
                     alpha        beta       alpha        beta
      1s           1.0000      1.0000      1.0000      1.0000
      2s           0.9824      0.9914      0.9975      0.9875
      2px          0.0016      0.9947      0.9984      0.0053
      2pz          0.0489      0.0148      0.9712      0.0063
      2py          0.0016      0.9947      0.9984      0.0053
      Total        2.0345      3.9955      4.9655      2.0045
      Total              6.0300                  6.9700
 
      Charge           -0.0300                  0.0300
 
      Total electronic charge=   13.000000
 
      Total            charge=   -0.000000
--
 
 
      Input file to MOLDEN was generated!
 
 
++    Static properties:
      ------------------
 
 
      LoProp Charges per center
 

                   C1       N2    
      Nuclear      6.0000   7.0000
      Electronic  -6.0480  -6.9520
 
      Total       -0.0480   0.0480
--
 
 
++    Natural Bond Order analysis
      ---------------------------
      Based on LoProp computed density
      -------------------------------------------------------------------------------------
      Atom A       Atom B       Bond Order
      -------------------------------------------------------------------------------------
      NBO located      1.000 non-bonded electrons on atom C1        
      NBO located      0.976 non-bonded electrons on atom C1        
      The remaining    4.531 electrons are to be considered as diffuse
--
 
 
++    Molecular orbitals:
      -------------------
 
      Title: Natural orbitals

      Molecular orbitals for symmetry species 1: a  
 
          Orbital            1         2         3         4         5         6         7         8         9        10    
          Energy          -15.5951  -11.2218   -0.9217   -0.6980   -0.1746   -0.1746   -0.1826   -0.0795   -0.0795    0.2027
          Occ. No.          2.0000    2.0000    2.0000    1.9875    1.1318    1.1318    1.0000    0.8682    0.8682    0.0125
 
        1 C1     1s        -0.0001    1.0000    0.0055    0.0048    0.0000    0.0000   -0.0115    0.0000    0.0000   -0.0047
        2 C1     2s        -0.0057   -0.0060    0.2387    0.9665    0.0000    0.0000   -0.1920    0.0000    0.0000   -0.0941
        3 C1     2px        0.0000    0.0000    0.0000   -0.0000    0.6722   -0.0522   -0.0000   -0.7401    0.0454   -0.0000
        4 C1     2py        0.0000    0.0000    0.0000    0.0000    0.0522    0.6722    0.0000   -0.0454   -0.7401   -0.0000
        5 C1     2pz       -0.0002    0.0003   -0.0408   -0.0147   -0.0000   -0.0000    0.1212    0.0000    0.0000   -1.0249
        6 N2     1s         1.0000   -0.0000   -0.0035    0.0001    0.0000    0.0000   -0.0010   -0.0000   -0.0000    0.0163
        7 N2     2s        -0.0034   -0.0007   -0.9890    0.1360    0.0000    0.0000   -0.0365   -0.0000   -0.0000    0.2153
        8 N2     2px        0.0000    0.0000   -0.0000   -0.0000    0.6929   -0.0538    0.0000    0.7207   -0.0442    0.0000
        9 N2     2py        0.0000   -0.0000   -0.0000    0.0000    0.0538    0.6929    0.0000    0.0442    0.7207    0.0000
       10 N2     2pz       -0.0001    0.0008    0.0125   -0.0586    0.0000    0.0000   -0.9804    0.0000    0.0000   -0.3078
--
 
 
++    Molecular properties:
      ---------------------
 
      Charge (e):
                      =   -0.0000
      Dipole Moment (Debye):
      Origin of the operator (Ang)=    0.0000    0.0000    0.0000
                   X= -2.3970E-14               Y= -8.1387E-14               Z=  5.8710E-01           Total=  5.8710E-01
      Quadrupole Moment (Debye*Ang):
      Origin of the operator (Ang)=    0.0000    0.0000    1.1847
                  XX= -1.1466E+01              XY= -1.8330E-14              XZ=  1.1123E-12              YY= -1.1466E+01
                  YZ=  1.1814E-12              ZZ= -1.0284E+01
      In traceless form (Debye*Ang)
                  XX= -5.9100E-01              XY= -2.7495E-14              XZ=  1.6685E-12              YY= -5.9100E-01
                  YZ=  1.7721E-12              ZZ=  1.1820E+00
--
 
 
      Input file to MOLDEN was generated!
 
 ###############################################################################
 ###############################################################################
 ###                                                                         ###
 ###                                                                         ###
 ###    WARNING: RunFile label nBas                                          ###
 ###    was used       87 times                                              ###
 ###                                                                         ###
 ###                                                                         ###
 ###############################################################################
 ###############################################################################
--- Stop Module: scf at Mon Apr  1 18:35:34 2024 /rc=_RC_ALL_IS_WELL_ ---
*** files: 2.20.LprOrb 2.20.LoProp.molden 2.20.scf.molden 2.20.scf.h5 2.20.UhfOrb 2.20.UnaOrb xmldump
    saved to directory /home/grierjones/DDCASPT2/delta_ML/CN/2.20

*** symbolic link created: INPORB -> 2.20.UnaOrb
--- Start Module: mbpt2 at Mon Apr  1 18:35:34 2024 ---
 
()()()()()()()()()()()()()()()()()()()()()()()()()()()()()()()()()()()()()()()()()()()()()()()()()()

                                               &MBPT2

                                   only a single process is used
                       available to each process: 2.0 GB of memory, 1 thread?
                                            pid: 245932
()()()()()()()()()()()()()()()()()()()()()()()()()()()()()()()()()()()()()()()()()()()()()()()()()()
 
 
 ###############################################################################
 ###############################################################################
 ###                                                                         ###
 ###                                                                         ###
 ###    WARNING: MP2 implementation intended for RHF references only         ###
 ###                                                                         ###
 ###                                                                         ###
 ###############################################################################
 ###############################################################################
MBPT2 WARNING: Reference function according to RunFile:UHF-SCF 
I'll assume you know what you're doing and continue
 
 
      Cartesian coordinates in Angstrom:
      -----------------------------------------------------
      No.  Label        X            Y            Z        
      -----------------------------------------------------
       1   C1         0.00000000   0.00000000   0.00000000
       2   N2         0.00000000   0.00000000   2.20000000
      -----------------------------------------------------
      Nuclear repulsion energy =   10.10247403
 
      Contents of RUNFILE file:
      -------------------------
 
      Symmetry species                           1
                                                 a
      Number of basis functions                 10
      Frozen occupied orbitals                   2
      Active occupied orbitals                   5
      Active external orbitals                   3
      Deleted external orbitals                  0
 
 
      Reference numbers of frozen occupied orbitals according to the original input sequence
      symmetry species 1                        1  2
 
 
      Energies of the active occupied orbitals
 
      symmetry species 1                    -1.160349     -0.625086     -0.575988     -0.575988     -0.498300
 
 
      Energies of the active external orbitals
 
      symmetry species 1                     0.218563      0.240546      0.240546
 
 
      ********************************************************************************************************
      *                                               Results                                                *
      ********************************************************************************************************
 
 Conventional algorithm used...

       SCF energy                           =      -92.1152230025 a.u.
       Second-order correlation energy      =       -0.0275375237 a.u.

       Total energy                         =      -92.1427605261 a.u.
       Reference weight ( Cref**2 )         =        0.98255
 
::    Total MBPT2 energy                              -92.1427605261
 
 
       Zeroth-order energy (E0)             =      -50.4503366467 a.u.
 
       Shanks-type energy S1(E)             =      -92.1427787385 a.u.
 
 


       Data processing and timing information:

       Section                                              time(sec)
                                                          CPU  Elapsed

      Input data processing                              0.01      0.02
      Transformation of integrals                        0.00      0.00
      MBPT2 calculations (BJAI)                          0.00      0.00
      Total MBPT2 calculations                           0.01      0.02
 
 
--- Stop Module: mbpt2 at Mon Apr  1 18:35:34 2024 /rc=_RC_ALL_IS_WELL_ ---
*** files: xmldump
    saved to directory /home/grierjones/DDCASPT2/delta_ML/CN/2.20

*** symbolic link created: INPORB -> 2.20.UnaOrb
--- Start Module: rasscf at Mon Apr  1 18:35:34 2024 ---
 
()()()()()()()()()()()()()()()()()()()()()()()()()()()()()()()()()()()()()()()()()()()()()()()()()()

                                              &RASSCF

                                   only a single process is used
                       available to each process: 2.0 GB of memory, 1 thread?
                                            pid: 245935
()()()()()()()()()()()()()()()()()()()()()()()()()()()()()()()()()()()()()()()()()()()()()()()()()()
 
 
      Header of the ONEINT file:
      --------------------------
      
      Integrals generated by Gateway/Seward, Mon Apr  1 18:35:34 2024
 
 
      OrdInt status: non-squared
 
 
      Cartesian coordinates in Angstrom:
      -----------------------------------------------------
      No.  Label        X            Y            Z        
      -----------------------------------------------------
       1   C1         0.00000000   0.00000000   0.00000000
       2   N2         0.00000000   0.00000000   2.20000000
      -----------------------------------------------------
      Nuclear repulsion energy =   10.10247403
 
++    Wave function specifications:
      -----------------------------
 
      Number of closed shell electrons          10
      Number of electrons in active shells       3
      Max number of holes in RAS1 space          0
      Max nr of electrons in RAS3 space          0
      Number of inactive orbitals                5
      Number of active orbitals                  2
      Number of secondary orbitals               3
      Spin quantum number                      0.5
      State symmetry                             1
--
 
++    Orbital specifications:
      -----------------------
 
      Symmetry species                           1
                                                 a
      Frozen orbitals                            0
      Inactive orbitals                          5
      Active orbitals                            2
      RAS1 orbitals                              0
      RAS2 orbitals                              2
      RAS3 orbitals                              0
      Secondary orbitals                         3
      Deleted orbitals                           0
      Number of basis functions                 10
--
 
++    CI expansion specifications:
      ----------------------------
 
      Number of CSFs                             2
      Number of determinants                     2
      Number of root(s) required                 1
      Root chosen for geometry opt.              1
      CI root used                               1
         
      highest root included in the CI            1
      max. size of the explicit Hamiltonian      2
--
 
++    Optimization specifications:
      ----------------------------
 
      RASSCF algorithm: Conventional
      Maximum number of macro iterations       200
      Maximum number of SX iterations          100
      Threshold for RASSCF energy            1.000E-08
      Threshold for max MO rotation          1.000E-01
      Threshold for max BLB element          1.000E-04
      Level shift parameter                  5.000E-01
      Make Quasi-Newton update
--
 
      The MO-coefficients are taken from the file:
      /home/grierjones/DDCASPT2/delta_ML/CN/2.10/2.10.RasOrb                                                                                                                                                                                                          
      Title: RASSCF average (pseudo-natural) orbitals                                      
 
      Total molecular charge    0.00
 
      ************************************************************************************************************************
      *                                                                                                                      *
      *                                            Wave function control section                                             *
      *                                                                                                                      *
      ************************************************************************************************************************
 
 
                                         RASSCF iterations: Energy and convergence statistics
                                         ----------------------------------------------------
 
      Iter CI   SX   CI       RASSCF       Energy    max ROT     max BLB   max BLB  Level Ln srch  Step   QN   Walltime
          iter iter root      energy       change     param      element    value   shift minimum  type update hh:mm:ss
 Nr of preliminary CI iterations:   1
 ###############################################################################
 ###############################################################################
 ###                                                                         ###
 ###                                                                         ###
 ###    WARNING: Problems in orbital optimization.                           ###
 ###                                                                         ###
 ###                                                                         ###
 ###############################################################################
 ###############################################################################
  Warning: In symmetry  1, orbital p=   6 has diagonal density matrix element D(p,p) close to two. (2 - D(p,p))=  0.000000E+00
        1   1    5    1   -91.90635145    0.00E+00   9.40E-03    6  10 1 -2.05E-02*  0.50   0.00    SX    NO    0:00:00
 ###############################################################################
 ###############################################################################
 ###                                                                         ###
 ###                                                                         ###
 ###    WARNING: Problems in orbital optimization.                           ###
 ###                                                                         ###
 ###                                                                         ###
 ###############################################################################
 ###############################################################################
  Warning: In symmetry  1, orbital p=   6 has diagonal density matrix element D(p,p) close to two. (2 - D(p,p))=  0.000000E+00
        2   1    5    1   -91.90711087   -7.59E-04* -7.05E-03    6  10 1 -1.44E-02*  0.50   0.00    SX    NO    0:00:00
 ###############################################################################
 ###############################################################################
 ###                                                                         ###
 ###                                                                         ###
 ###    WARNING: Problems in orbital optimization.                           ###
 ###                                                                         ###
 ###                                                                         ###
 ###############################################################################
 ###############################################################################
  Warning: In symmetry  1, orbital p=   6 has diagonal density matrix element D(p,p) close to two. (2 - D(p,p))=  4.440892E-16
        3   1    5    1   -91.90754076   -4.30E-04* -6.24E-03    5   8 1 -1.15E-02*  0.50   0.00    SX    NO    0:00:00
 ###############################################################################
 ###############################################################################
 ###                                                                         ###
 ###                                                                         ###
 ###    WARNING: Problems in orbital optimization.                           ###
 ###                                                                         ###
 ###                                                                         ###
 ###############################################################################
 ###############################################################################
  Warning: In symmetry  1, orbital p=   6 has diagonal density matrix element D(p,p) close to two. (2 - D(p,p))=  1.110223E-15
        4   1    5    1   -91.90780339   -2.63E-04*  5.33E-03    5   8 1 -9.83E-03*  0.50   0.00    SX    NO    0:00:00
 ###############################################################################
 ###############################################################################
 ###                                                                         ###
 ###                                                                         ###
 ###    WARNING: Problems in orbital optimization.                           ###
 ###                                                                         ###
 ###                                                                         ###
 ###############################################################################
 ###############################################################################
  Warning: In symmetry  1, orbital p=   6 has diagonal density matrix element D(p,p) close to two. (2 - D(p,p))=  3.108624E-15
        5   1    5    1   -91.90796958   -1.66E-04*  7.83E-03    5   8 1 -8.26E-03*  0.50   2.50    LS   YES    0:00:00
 ###############################################################################
 ###############################################################################
 ###                                                                         ###
 ###                                                                         ###
 ###    WARNING: Problems in orbital optimization.                           ###
 ###                                                                         ###
 ###                                                                         ###
 ###############################################################################
 ###############################################################################
  Warning: In symmetry  1, orbital p=   6 has diagonal density matrix element D(p,p) close to two. (2 - D(p,p))=  5.995204E-15
        6   1    5    1   -91.90814589   -1.76E-04*  1.14E-02    5   8 1 -5.90E-03*  0.50   2.50    LS   YES    0:00:00
 ###############################################################################
 ###############################################################################
 ###                                                                         ###
 ###                                                                         ###
 ###    WARNING: Problems in orbital optimization.                           ###
 ###                                                                         ###
 ###                                                                         ###
 ###############################################################################
 ###############################################################################
  Warning: In symmetry  1, orbital p=   6 has diagonal density matrix element D(p,p) close to two. (2 - D(p,p))=  1.265654E-14
        7   1    5    1   -91.90825463   -1.09E-04* -2.73E-03    5   8 1 -2.39E-03*  0.50   1.11    QN   YES    0:00:00
 ###############################################################################
 ###############################################################################
 ###                                                                         ###
 ###                                                                         ###
 ###    WARNING: Problems in orbital optimization.                           ###
 ###                                                                         ###
 ###                                                                         ###
 ###############################################################################
 ###############################################################################
  Warning: In symmetry  1, orbital p=   6 has diagonal density matrix element D(p,p) close to two. (2 - D(p,p))=  1.731948E-14
        8   1    4    1   -91.90826741   -1.28E-05*  3.14E-03    5   8 1 -1.21E-03*  0.50   2.16    LS   YES    0:00:00
 ###############################################################################
 ###############################################################################
 ###                                                                         ###
 ###                                                                         ###
 ###    WARNING: Problems in orbital optimization.                           ###
 ###                                                                         ###
 ###                                                                         ###
 ###############################################################################
 ###############################################################################
  Warning: In symmetry  1, orbital p=   6 has diagonal density matrix element D(p,p) close to two. (2 - D(p,p))=  2.242651E-14
        9   1    4    1   -91.90827257   -5.16E-06*  1.53E-03    6  10 1  7.55E-04*  0.50   1.01    QN   YES    0:00:00
 ###############################################################################
 ###############################################################################
 ###                                                                         ###
 ###                                                                         ###
 ###    WARNING: Problems in orbital optimization.                           ###
 ###                                                                         ###
 ###                                                                         ###
 ###############################################################################
 ###############################################################################
  Warning: In symmetry  1, orbital p=   6 has diagonal density matrix element D(p,p) close to two. (2 - D(p,p))=  2.597922E-14
       10   1    4    1   -91.90827480   -2.23E-06* -5.54E-04    7   9 1 -1.92E-04*  0.50   1.26    QN   YES    0:00:00
 ###############################################################################
 ###############################################################################
 ###                                                                         ###
 ###                                                                         ###
 ###    WARNING: Problems in orbital optimization.                           ###
 ###                                                                         ###
 ###                                                                         ###
 ###############################################################################
 ###############################################################################
  Warning: In symmetry  1, orbital p=   6 has diagonal density matrix element D(p,p) close to two. (2 - D(p,p))=  3.130829E-14
       11   1    4    1   -91.90827496   -1.64E-07* -1.26E-04    4  10 1 -1.45E-04*  0.50   1.18    QN   YES    0:00:00
 ###############################################################################
 ###############################################################################
 ###                                                                         ###
 ###                                                                         ###
 ###    WARNING: Problems in orbital optimization.                           ###
 ###                                                                         ###
 ###                                                                         ###
 ###############################################################################
 ###############################################################################
  Warning: In symmetry  1, orbital p=   6 has diagonal density matrix element D(p,p) close to two. (2 - D(p,p))=  3.708145E-14
       12   1    4    1   -91.90827498   -1.82E-08*  3.95E-05    4  10 1 -5.85E-05   0.50   1.42    QN   YES    0:00:00
 ###############################################################################
 ###############################################################################
 ###                                                                         ###
 ###                                                                         ###
 ###    WARNING: Problems in orbital optimization.                           ###
 ###                                                                         ###
 ###                                                                         ###
 ###############################################################################
 ###############################################################################
  Warning: In symmetry  1, orbital p=   6 has diagonal density matrix element D(p,p) close to two. (2 - D(p,p))=  4.463097E-14
       13   1    3    1   -91.90827498   -3.47E-09  -1.26E-05    5  10 1  1.91E-05   0.50   1.19    QN   YES    0:00:00
      Convergence after 13 iterations
       14   1    3    1   -91.90827498   -7.46E-10  -1.26E-05    5  10 1  1.80E-05   0.50   1.19    QN   YES    0:00:00
 
      ************************************************************************************************************************
                                                      Wave function printout:
                       occupation of active orbitals, and spin coupling of open shells (u,d: Spin up or down)
      ************************************************************************************************************************
 
      Note: transformation to natural orbitals
      has been made, which may change the order of the CSFs.
 
      printout of CI-coefficients larger than  0.05 for root  1
      energy=     -91.908275
      conf/sym  11     Coeff  Weight
             1  2u   1.00000 1.00000
 
      Natural orbitals and occupation numbers for root  1
      sym 1:   2.000000   1.000000
 
      ************************************************************************************************************************
      *                                                                                                                      *
      *                                                    Final results                                                     *
      *                                                                                                                      *
      ************************************************************************************************************************
 
 
++    Wave function specifications:
      -----------------------------
 
      Number of closed shell electrons          10
      Number of electrons in active shells       3
      Max number of holes in RAS1 space          0
      Max nr of electrons in RAS3 space          0
      Number of inactive orbitals                5
      Number of active orbitals                  2
      Number of secondary orbitals               3
      Spin quantum number                      0.5
      State symmetry                             1
--
 
++    Orbital specifications:
      -----------------------
 
      Symmetry species                           1
                                                 a
      Frozen orbitals                            0
      Inactive orbitals                          5
      Active orbitals                            2
      RAS1 orbitals                              0
      RAS2 orbitals                              2
      RAS3 orbitals                              0
      Secondary orbitals                         3
      Deleted orbitals                           0
      Number of basis functions                 10
--
 
++    CI expansion specifications:
      ----------------------------
 
      Number of CSFs                             2
      Number of determinants                     2
      Number of root(s) required                 1
      CI root used                               1
      highest root included in the CI            1
      Root passed to geometry opt.               1
--
 
++    Final optimization conditions:
      ------------------------------
 
      Average CI energy                             -91.90827498
      RASSCF energy for state  1                    -91.90827498
      Super-CI energy                                -0.00000000
      RASSCF energy change                           -0.00000000
      Max change in MO coefficients               1.266E-05
      Max non-diagonal density matrix element    -1.264E-05
      Maximum BLB matrix element                  1.804E-05
      (orbital pair   5,  10 in symmetry   1)
      Norm of electronic gradient            2.478E-05
--
 
 
      Final state energy(ies):
      ------------------------
 
::    RASSCF root number  1 Total energy:    -91.90827498
 
++    Molecular orbitals:
      -------------------
 
      Pseudonatural active orbitals and approximate occupation numbers
 
 
 
 
      Molecular orbitals for symmetry species 1: a  
 
 
      Orbital                 1         2         3         4         5         6         7         8         9        10
      Energy           -15.4507  -11.3389   -0.8542   -0.7188   -0.3475   -0.3958   -0.0000    0.0801    0.0842    0.2339
      Occ. No.           2.0000    2.0000    2.0000    2.0000    2.0000    2.0000    1.0000    0.0000    0.0000    0.0000
 
     1 C1     1s        -0.0004    0.9998   -0.0031   -0.0036   -0.0001    0.0176    0.0000    0.0000    0.0000   -0.0129
     2 C1     2s        -0.0006   -0.0029    0.3113   -0.9437   -0.0017    0.0115    0.0000    0.0002    0.0000   -0.2217
     3 C1     2px       -0.0000   -0.0000    0.0005    0.0001    0.0480    0.0026   -0.0637   -0.3880   -0.9206   -0.0004
     4 C1     2py       -0.0000   -0.0001    0.0012    0.0002    0.1133    0.0061    0.0270   -0.9158    0.3901   -0.0008
     5 C1     2pz        0.0052    0.0142   -0.1202   -0.0065    0.0316   -0.9387   -0.0000   -0.0021   -0.0000   -0.4124
     6 N2     1s         0.9999   -0.0000    0.0051    0.0077   -0.0005    0.0196    0.0000    0.0000    0.0000    0.0074
     7 N2     2s        -0.0055   -0.0006    0.9306    0.4041   -0.0080    0.0242    0.0000    0.0004    0.0000    0.1195
     8 N2     2px       -0.0001   -0.0002    0.0028    0.0005    0.3838    0.0126   -0.9143    0.0738    0.1248   -0.0005
     9 N2     2py       -0.0002   -0.0004    0.0065    0.0012    0.9057    0.0298    0.3874    0.1741   -0.0529   -0.0011
    10 N2     2pz       -0.0019   -0.0032    0.0349    0.0763   -0.0092    0.2246    0.0000    0.0013    0.0000   -1.0010
--
 
      Von Neumann Entropy (Root   1) =  0.50000
 

      Mulliken population analysis for root number:  1
      -----------------------------------------------
 
 
++    Molecular charges:
      ------------------
 
      Mulliken charges per centre and basis function type
      ---------------------------------------------------
 
                C1      N2    
      1s       2.0000  2.0000
      2s       1.9735  1.9938
      2px      0.0150  1.1372
      2pz      1.8234  0.2093
      2py      0.0408  1.8070
      Total    5.8527  7.1473
 
      N-E      0.1473 -0.1473
 
      Total electronic charge=   13.000000
 
      Total            charge=    0.000000
--
 
 

      Expectation values of various properties for root number:  1
      -----------------------------------------------------------
 
 
++    Molecular properties:
      ---------------------
 
      Charge (e):
                      =    0.0000
      Dipole Moment (Debye):
      Origin of the operator (Ang)=    0.0000    0.0000    0.0000
                   X= -1.2181E-04               Y= -2.8177E-04               Z= -1.4553E+00           Total=  1.4553E+00
      Quadrupole Moment (Debye*Ang):
      Origin of the operator (Ang)=    0.0000    0.0000    1.1847
                  XX= -9.8791E+00              XY= -4.7846E-01              XZ=  4.8698E-03              YY= -1.0806E+01
                  YZ=  1.1431E-02              ZZ= -1.2615E+01
      In traceless form (Debye*Ang)
                  XX=  1.8312E+00              XY= -7.1769E-01              XZ=  7.3047E-03              YY=  4.4140E-01
                  YZ=  1.7146E-02              ZZ= -2.2726E+00
--
 

      Mulliken spin population analysis for root number:  1
      ---------------------------------------------------
 
 
++    Molecular charges:
      ------------------
 
      Mulliken spin population per centre and basis function type
      ---------------------------------------------------
 
                C1      N2    
      1s      -0.0000  0.0000
      2s       0.0000  0.0000
      2px      0.0079  0.8399
      2pz      0.0000  0.0000
      2py      0.0014  0.1508
      Total    0.0093  0.9907
 
      Total electronic spin=    1.000000
--
 
 

      LoProp population analysis for root number:  1
      -----------------------------------------------
 
 
++    LoProp analysis:
      ----------------
 
 
 
      Input file to MOLDEN was generated!
 
 
++    Static properties:
      ------------------
 
 
      LoProp Charges per center
 

                   C1       N2    
      Nuclear      6.0000   7.0000
      Electronic  -5.8326  -7.1674
 
      Total        0.1674  -0.1674
--
 
 
      Natural Bond Order analysis for root number:  1
 
++    Natural Bond Order analysis
      ---------------------------
      Based on LoProp computed density
      -------------------------------------------------------------------------------------
      Atom A       Atom B       Bond Order
      -------------------------------------------------------------------------------------
      NBO located      1.000 non-bonded electrons on atom C1        
      The remaining    5.548 electrons are to be considered as diffuse
--
 
--
 
 
      Input file to MOLDEN was generated!
 
 
      Input file to MOLDEN was generated!
 
      Average orbitals are written to the RASORB file
      Natural orbitals for root   1 are written to the RASORB.1 file
      Spin density orbitals for root   1 are written to the SPDORB.1 file
 
--- Stop Module: rasscf at Mon Apr  1 18:35:35 2024 /rc=_RC_ALL_IS_WELL_ ---
*** files: 2.20.LprOrb 2.20.rasscf.molden 2.20.rasscf.molden.1 2.20.LoProp.molden 2.20.RasOrb.1 2.20.RasOrb 2.20.rasscf.h5 2.20.SpdOrb.1 xmldump
    saved to directory /home/grierjones/DDCASPT2/delta_ML/CN/2.20

*** symbolic link created: INPORB -> 2.20.RasOrb
--- Start Module: caspt2 at Mon Apr  1 18:35:35 2024 ---
 
()()()()()()()()()()()()()()()()()()()()()()()()()()()()()()()()()()()()()()()()()()()()()()()()()()

                                              &CASPT2

                                   only a single process is used
                       available to each process: 2.0 GB of memory, 1 thread?
                                            pid: 245938
()()()()()()()()()()()()()()()()()()()()()()()()()()()()()()()()()()()()()()()()()()()()()()()()()()
 
 
++    Wave function specifications:
      -----------------------------
 
      Number of closed shell electrons           6
      Number of electrons in active shells       3
      Max number of holes in RAS1 space          0
      Max number of electrons in RAS3 space      0
      Number of inactive orbitals                3
      Number of active orbitals                  2
      Number of secondary orbitals               3
      Spin quantum number                      0.5
      State symmetry                             1
      Number of CSFs                             2
      Number of CASSCF root(s) available         1
      CASPT2 state passed to geometry opt.       1
      A file JOBMIX will be created
      This is a CASSCF or RASSCF reference function
--
 
++    Orbital specifications:
      -----------------------
 
      Symmetry species                           1
                                                 a
      Frozen orbitals                            2
      Inactive orbitals                          3
      Active orbitals                            2
      Secondary orbitals                         3
      Deleted orbitals                           0
      Number of basis functions                 10
--
 
++    CASPT2 specifications:
      ----------------------
 
      Type of calculation                        SS-CASPT2
      Fock operator                              state-specific
      IPEA shift                                 0.25
      Real shift                                 0.00
      Imaginary shift                            0.00
      The input orbitals will be transformed to quasi-canonical
--
 
--------------------------------------------------------------------------------
 Estimated memory requirements:
  POLY3 :                   250056
  RHS:                      250308
  SIGMA :                   250288
  PRPCTL:                        0
 Available workspace:    230392787
 
++ CASPT2 computation for group   1
 
********************************************************************************
 Multi-State initialization phase begins for group   1
--------------------------------------------------------------------------------
********************************************************************************
 Compute H0 matrices for state    1
--------------------------------------------------------------------------------
--------------------------------------------------------------------------------
 H0 matrices have been computed.
 
********************************************************************************
  CASPT2 EQUATION SOLUTION
--------------------------------------------------------------------------------
 
  Total nr of CASPT2 parameters:
   Before reduction:         315
   After  reduction:         192
 
 Variance of |WF0>:       0.0599078912
 
 The contributions to the second order correlation energy in atomic units.
-----------------------------------------------------------------------------------------------------------------------------
  IT.      VJTU        VJTI        ATVX        AIVX        VJAI        BVAT        BJAT        BJAI        TOTAL       RNORM  
-----------------------------------------------------------------------------------------------------------------------------
   1    -0.000000    0.000000   -0.000181   -0.000160   -0.000334   -0.006513   -0.004938   -0.026763   -0.038890    0.002687
   2    -0.000000    0.000000   -0.000183   -0.000161   -0.000335   -0.006650   -0.004972   -0.026872   -0.039173    0.000133
   3    -0.000000    0.000000   -0.000183   -0.000161   -0.000335   -0.006650   -0.004972   -0.026871   -0.039171    0.000016
   4    -0.000000    0.000000   -0.000183   -0.000161   -0.000335   -0.006650   -0.004971   -0.026871   -0.039170    0.000002
-----------------------------------------------------------------------------------------------------------------------------
 
  FINAL CASPT2 RESULT:
 
      Reference energy:         -91.9082749831
      E2 (Non-variational):      -0.0391704847
      E2 (Variational):          -0.0391704907
      Total energy:             -91.9474454738
      Residual norm:              0.0000001686
      Reference weight:           0.97302
 
      Contributions to the CASPT2 correlation energy
      Active & Virtual Only:         -0.0068330174
      One Inactive Excited:          -0.0051319847
      Two Inactive Excited:          -0.0272054827
 
 
++ Denominators, etc.
--------------------------------------------------------------------------------------------------------------
 Report on small energy denominators, large coefficients, and large energy contributions.
CASE  SYMM ACTIVE-MIX  NON-ACTIVE INDICES          DENOMINATOR     RHS VALUE       COEFFICIENT     CONTRIBUTION
BVATP    1  Mu1.0002  Se1.008 Se1.008               0.95183568      0.02741528     -0.02994194     -0.00082087
BVATP    1  Mu1.0002  Se1.009 Se1.009               0.95992227      0.02786540     -0.03024172     -0.00084270
BVATP    1  Mu1.0002  Se1.010 Se1.010               1.25943049      0.07052443     -0.05718966     -0.00403327
BVATM    1  Mu1.0001  Se1.010 Se1.009               0.92197025      0.02511034     -0.02815341     -0.00070694
BJATP    1  Mu1.0002  In1.005 Se1.010 Se1.008       1.05736909     -0.03303216      0.03185895     -0.00105237
BJATM    1  Mu1.0002  In1.005 Se1.010 Se1.008       1.05736909     -0.05252789      0.05081533     -0.00266922
BJAIP    1  Se1.010 In1.003 Se1.010 In1.003         2.17635508      0.10911350     -0.05059793     -0.00552092
BJAIP    1  Se1.008 In1.003 Se1.008 In1.004         1.73336640     -0.04949562      0.02858938     -0.00141505
BJAIP    1  Se1.009 In1.003 Se1.009 In1.004         1.74145299     -0.05170701      0.02988853     -0.00154545
BJAIP    1  Se1.010 In1.003 Se1.010 In1.004         2.04096122      0.05870912     -0.03001978     -0.00176243
BJAIP    1  Se1.008 In1.004 Se1.008 In1.004         1.59797254      0.10370874     -0.06487819     -0.00672843
BJAIP    1  Se1.009 In1.004 Se1.009 In1.004         1.60605913      0.10450264     -0.06512382     -0.00680561
BJAIP    1  Se1.008 In1.005 Se1.008 In1.005         0.85530770      0.02168547     -0.02535380     -0.00054981
BJAIP    1  Se1.010 In1.005 Se1.010 In1.005         1.16290251      0.03386165     -0.02911693     -0.00098595
--
 
   (Skipping property calculation,
    use PROP keyword to activate)
--
 
  Total CASPT2 energies:
::    CASPT2 Root  1     Total energy:    -91.94744547
 
  A NEW JOBIPH FILE NAMED 'JOBMIX' IS PREPARED.
********************************************************************************
--- Stop Module: caspt2 at Mon Apr  1 18:35:35 2024 /rc=_RC_ALL_IS_WELL_ ---
*** files: xmldump
    saved to directory /home/grierjones/DDCASPT2/delta_ML/CN/2.20

.##################.
.# Happy landing! #.
.##################.

    Timing: Wall=1.42 User=1.12 System=0.20
************************************
*** WorkDir at /tmp/2.20 removed ***
************************************
