   This run of MOLCAS is using the pymolcas driver

                                                  EPO
              OS   A CLOMNE  POSAC  LOMN          EPO
              PO  SA     CL OM  NE PO  SA        CLOMN        EPO
              NE POS     AC LO  MN EP  OS        AC LO       MNEPO
              LOMNEP   OSAC  LOMNE PO  SA       CL   OM      NE PO
              OSA CL     OM     NE PO  SA       CL   OM     NE  PO
              PO  SA     CL     OM NE  PO       SA  C  LOMN  E   PO
              M   NE POSACL     OM  NEPO        SA CL   OMN   E  PO
                                               OS  ACL  OM   NEP  O
                                             PO    SAC   L   OMN   EPO
                                         EPOSAC   LOMNE     POSAC  LOMNEPO
                                      EPOSACLOM   NEPOSACLOMNEPOS   ACLOMNEPO
                                     SAC    LOM   NE           PO   SACLOMNEPO
                                     ACL     O        MNE  PO       SACLOMNEPO
                                     OMN  E  P     OSACLOM  NEPO    SACLOMNEPO
                                     LOM  N  E               PO     SACLOMNEPO
               SACL    OM    NEPO    SAC  L  O   MNEP           OS   ACLOMNEPO
              O   SA  CLOM  NE  PO   SAC  L  O   MNE           POS   ACLOMNEPO
                  OM NE  PO      S   ACL  O      MN           EPOS   ACLOMNEPO
               EPOS  AC  LO      M   NEP  O         SA                CLOMNEPO
              SA     CLOMNE      P   OSA  C        LOMN  EPOSACL        OMNEPO
              OM   N EP  OS AC  LO   MN   E     P     OS  ACL      OMN     EPO
               OMNE  P    O  SACL        OMN   EPOS            ACLOMNEPO
                                      ACLOMNEPOSACLOMNEPOSACLOMNEPOSACLOMNEPO
                                         EPOSACLOMNEPOSACLOMNEPOSACLOMNEPO
                                             MNEPOSACLOMNEPOSACLOMNEPO
                          20.42 :noisrev        ACLOMNEPOSACLOMNEPO
                                                    OSACLOMNEPO
                     f8c40b116g-621 :gat                EPO

            ti yfidom ro/dna ti etubirtsider nac uoy ;erawtfos eerf si sacloMnepO
            .1.2 noisrev esneciL cilbuP lareneG resseL UNG eht fo smret eht rednu
             ti tub ,lufesu eb lliw ti taht epoh eht ni detubirtsid si sacloMnepO
               .seitnarraw deilpmi ro sserpxe yna tuohtiw dna "si sa" dedivorp si
                    elif eht ni esnecil eht fo txet lluf eht ees sliated erom roF
                                    .>/sesnecil/gro.ung.www//:ptth< ni ro ESNECIL

                             srohtuA sacloMnepO ehT )C( thgirypoC
                      ,noitatic dednemmocer eht dna tsil rohtua eht roF
                               dm.SROTUBIRTNOC elif eht tlusnoc

           *************************************************
           * pymolcas version py2.28                       *
           *   build c4a6d18ded8cb6cad61d2372a9abd97c      *
           *   (after the EMIL interpreter by V. Veryazov) *
           *************************************************

configuration info
------------------
Host name: debian (Linux)
C Compiler ID: GNU
C flags: -std=gnu99
Fortran Compiler ID: Intel
Fortran flags: -fpp -i8 -heap-arrays
Definitions: _MOLCAS_;_I8_;_LINUX_
Parallel: OFF (GA=OFF)


   ------------------------------------------------------------------
  |
  |              Project: 2.80
  |       Submitted from: /home/grierjones/DDCASPT2/delta_ML/BeO/2.80
  |         Scratch area: /tmp/2.80
  |      Save outputs to: /home/grierjones/DDCASPT2/delta_ML/BeO/2.80
  |               Molcas: /usr/local
  |
  | Scratch area is empty
  |
  |       MOLCAS_DRIVER = /usr/local/pymolcas
  | MOLCAS_KEEP_WORKDIR = NO
  |  MOLCAS_NEW_WORKDIR = YES
  |       MOLCAS_NPROCS = 1
  |       MOLCAS_SOURCE = /usr/local
  |    MOLCAS_STRUCTURE = 0
  |
   ------------------------------------------------------------------

++ ---------   Input file   ---------

&GATEWAY
coord=2.80.xyz
Basis = ANO-RCC-MB
Group = nosymm
End of Input

&SEWARD
End of Input

&SCF
UHF

&MBPT2

&RASSCF
Title= RASSCF
FileOrb
/home/grierjones/DDCASPT2/delta_ML/BeO/2.70/2.70.RasOrb

NACTEL
2 0 0
Inactive
4
RAS2
2
Symmetry
1
Spin
1
orblisting
all
ITERation
200 100
CIMX
200
SDAV
500

&CASPT2
Imaginary Shift
0.0

-- ----------------------------------

--- Start Module: gateway at Mon Apr  1 18:33:05 2024 ---
 
()()()()()()()()()()()()()()()()()()()()()()()()()()()()()()()()()()()()()()()()()()()()()()()()()()

                                              &GATEWAY

                                   only a single process is used
                       available to each process: 2.0 GB of memory, 1 thread?
                                            pid: 243086
()()()()()()()()()()()()()()()()()()()()()()()()()()()()()()()()()()()()()()()()()()()()()()()()()()
 
 
++    Symmetry information:
      ---------------------
 
                    Character Table for C1 
 
                             E  
                    a        1  x, y, xy, Rz, z, xz, Ry, yz, Rx, I
--
 
 
++    Basis set information:
      ----------------------
 
 
      Basis set label: BE.ANO-RCC...2S1P.
 
      Electronic valence basis set:
      ------------------
      Associated Effective Charge   4.000000 au
      Associated Actual Charge      4.000000 au
      Nuclear Model: Point charge
 
      Shell  nPrim  nBasis  Cartesian Spherical Contaminant
         s      14       2        X                  
         p       9       1        X                  
 
 
      Basis set label: O.ANO-RCC...2S1P.
 
      Electronic valence basis set:
      ------------------
      Associated Effective Charge   8.000000 au
      Associated Actual Charge      8.000000 au
      Nuclear Model: Point charge
 
      Shell  nPrim  nBasis  Cartesian Spherical Contaminant
         s      14       2        X                  
         p       9       1        X                  
--
 
 
++    Molecular structure info:
      -------------------------
 
                    ************************************************ 
                    **** Cartesian Coordinates / Bohr, Angstrom **** 
                    ************************************************ 
 
     Center  Label                x              y              z                     x              y              z
        1      BE1              0.000000       0.000000       0.000000              0.000000       0.000000       0.000000
        2      O2               0.000000       0.000000       5.291233              0.000000       0.000000       2.800000
--
 
 
            Nuclear Potential Energy              6.04773955 au
 
--- Stop Module: gateway at Mon Apr  1 18:33:06 2024 /rc=_RC_ALL_IS_WELL_ ---
*** files: xmldump
    saved to directory /home/grierjones/DDCASPT2/delta_ML/BeO/2.80

--- Start Module: seward at Mon Apr  1 18:33:06 2024 ---
 
()()()()()()()()()()()()()()()()()()()()()()()()()()()()()()()()()()()()()()()()()()()()()()()()()()

                                              &SEWARD

                                   only a single process is used
                       available to each process: 2.0 GB of memory, 1 thread?
                                            pid: 243089
()()()()()()()()()()()()()()()()()()()()()()()()()()()()()()()()()()()()()()()()()()()()()()()()()()
 
               SEWARD will generate:
                  Multipole Moment integrals up to order  2
                  Kinetic Energy integrals
                  Nuclear Attraction integrals (point charge)
                  One-Electron Hamiltonian integrals
                  Velocity integrals
                  Relativistic Douglas-Kroll-Hess integrals:
                    - Parametrization         : EXP
                    - DKH order of Hamiltonian: 2
                    - DKH order of Properties : 0
                         - multipole moment operators
                         - electric potential operators
                         - contact operators
                  Orbital angular momentum around ( 0.0000  0.0000  3.3844 )
                  Velocity quadrupole around ( 0.0000  0.0000  3.3844 )
                  Atomic mean-field integrals
                  Two-Electron Repulsion integrals
 
                   Integrals are discarded if absolute value <: 1.00E-14
                   Integral cutoff threshold is set to       <: 1.00E-16
 
            Nuclear Potential Energy              6.04773955 au
 
 
      Basis set specifications :
      Symmetry species         a  
      Basis functions           10
 
 
      Input file to MOLDEN was generated!
 
--- Stop Module: seward at Mon Apr  1 18:33:06 2024 /rc=_RC_ALL_IS_WELL_ ---
*** files: 2.80.GssOrb 2.80.guessorb.h5 2.80.guessorb.molden xmldump
    saved to directory /home/grierjones/DDCASPT2/delta_ML/BeO/2.80

*** symbolic link created: INPORB -> 2.80.GssOrb
--- Start Module: scf at Mon Apr  1 18:33:06 2024 ---
 
()()()()()()()()()()()()()()()()()()()()()()()()()()()()()()()()()()()()()()()()()()()()()()()()()()

                                                &SCF

                                   only a single process is used
                       available to each process: 2.0 GB of memory, 1 thread?
                                            pid: 243092
()()()()()()()()()()()()()()()()()()()()()()()()()()()()()()()()()()()()()()()()()()()()()()()()()()
 
++    Input section:
      --------------
 
      Header of the integral files:
      
       Integrals generated by Gateway/Seward, Mon Apr  1 18:33:06 2024
 
 
      Cartesian coordinates in Angstrom:
      -----------------------------------------------------
      No.  Label        X            Y            Z        
      -----------------------------------------------------
       1   BE1        0.00000000   0.00000000   0.00000000
       2   O2         0.00000000   0.00000000   2.80000000
      -----------------------------------------------------
      Nuclear repulsion energy =    6.04773955
--
 
++    Orbital specifications:
      -----------------------
 
      Symmetry species               1
                                     a
      Frozen orbitals                0
      Occupied orbitals alpha        6
      Occupied orbitals beta         6
      Secondary orbitals alpha       4
      Secondary orbitals beta        4
      Deleted orbitals               0
      Total number of orbitals      10
      Number of basis functions     10
--
 
      Molecular charge                           0.000
 
++    Optimization specifications:
      ----------------------------
 
      SCF Algorithm: Conventional USCF
      D(i)-D(i-1) density differences are used
      Number of density matrices in core                 5
      Maximum number of NDDO SCF iterations            400
      Maximum number of HF SCF iterations              400
      Threshold for SCF energy change             1.00E-09
      Threshold for density matrix                1.00E-04
      Threshold for Fock matrix                   1.50E-04
      Threshold for linear dependence             1.00E-09
      Threshold at which DIIS is turned on        1.50E-01
      Maximum depth in the DIIS procedure                5
      Maximum depth in the BFGS Hessian update          30
      Threshold at which QNR/C2DIIS is turned on  7.50E-02
      Threshold for Norm(delta) (QNR/C2DIIS)      1.00E-03
      All orbitals punched on: UHFORB
--
 
      Input vectors read from INPORB
      Orbital file label: *Guess orbitals
 
 
++ Convergence information
                               UHF SCF        iterations: Energy and convergence statistics
 
Iter     Tot. SCF        One-elec.       Two-elec.     Energy      Max Dij or  Max Fij      DNorm      TNorm      AccCon     Time
         Energy          Energy          Energy        Change      Delta Norm                                                in Sec.
   1   -88.351278266  -142.009583263    47.610565444   0.00E+00    4.58E-01*   1.83E-01*    4.89E+00   2.15E+01   None         0.
   2   -81.716576825  -115.757323496    27.993007118   6.63E+00*   5.41E-01*   1.91E-01*    5.09E+00   1.53E+01   EDIIS        0.
   3   -88.397727350  -129.061693901    34.616226998  -6.68E+00*   2.43E-01*   1.39E-01*    3.38E+00   1.82E+01   EDIIS        0.
   4   -89.215546730  -133.113439532    37.850153249  -8.18E-01*   2.96E-01*   1.10E-01*    1.61E+00   1.92E+01   EDIIS        0.
   5   -89.302624921  -134.160902730    38.810538256  -8.71E-02*   6.64E-02*   1.99E-02*    1.02E+00   1.94E+01   EDIIS        0.
   6   -89.305573594  -134.291791785    38.938478638  -2.95E-03*   4.32E-03*   6.16E-03*    2.00E-01   1.95E+01   c2DIIS       0.
   7   -89.305786279  -134.333391418    38.979865586  -2.13E-04*   2.29E-03*   3.28E-04*    1.05E-02   1.95E+01   QNRc2DIIS    0.
   8   -89.305787053  -134.334628868    38.981102262  -7.74E-07*   9.93E-04    1.00E-04     3.47E-03   1.95E+01   QNRc2DIIS    0.
   9   -89.305787130  -134.335195314    38.981668631  -7.70E-08*   1.67E-05    2.44E-06     1.51E-03   1.95E+01   QNRc2DIIS    0.
 DIIS_X: Reduction of the subspace dimension due to numerical imbalance of the v
 alues in the B-Matrix
 kOptim=                     4 -> kOptim=                     3
  10   -89.305787130  -134.335207161    38.981680478  -3.58E-11    2.32E-07    9.55E-08     2.47E-05   1.95E+01   QNRc2DIIS    0.
 
       Convergence after  10 Macro Iterations
--
 
 *****************************************************************************************************************************
 *                                                                                                                           *
 *                                             SCF/KS-DFT Program, Final results                                             *
 *                                                                                                                           *
 *                                                                                                                           *
 *                                                                                                                           *
 *                                                       Final Results                                                       *
 *                                                                                                                           *
 *****************************************************************************************************************************
 
::    Total SCF energy                                -89.3057871297
      One-electron energy                            -134.3352071607
      Two-electron energy                              38.9816804778
      Nuclear repulsion energy                          6.0477395532
      Kinetic energy (interpolated)                    89.8349866464
      Virial theorem                                    0.9941092047
      Total spin, S(S+1)                               -0.0000000000
      Total spin, S                                    -0.0000000000
      Max non-diagonal density matrix element           0.0000001349
      Max non-diagonal Fock matrix element              0.0000000041
 
 
      All orbitals with orbital energies smaller than  E(LUMO)+0.5 are printed
 
++    Molecular orbitals:
      -------------------
 
      Title: UHF orbitals (alpha)

      Molecular orbitals for symmetry species 1: a  
 
          Orbital            1         2         3         4         5         6         7         8         9        10    
          Energy          -20.7274   -4.6923   -1.2756   -0.6035   -0.5975   -0.2898   -0.0001    0.1135    0.1152    0.1329
          Occ. No.          1.0000    1.0000    1.0000    1.0000    1.0000    1.0000    0.0000    0.0000    0.0000    0.0000
 
        1 BE1    1s        -0.0000    1.0000   -0.0012    0.0077   -0.0000   -0.0009   -0.0000    0.0000    0.0000    0.0011
        2 BE1    2s        -0.0001    0.0021    0.0003   -0.0414    0.0000    1.0080   -0.0000    0.0000   -0.0000    0.0611
        3 BE1    2px       -0.0000   -0.0000    0.0000    0.0000    0.0016   -0.0000    0.0043    1.0013    0.0284   -0.0000
        4 BE1    2py        0.0000   -0.0000    0.0000    0.0000   -0.0000    0.0000    0.1500   -0.0287    0.9900    0.0000
        5 BE1    2pz       -0.0001    0.0003   -0.0007   -0.0179    0.0000   -0.0311    0.0000    0.0000   -0.0000    1.0234
        6 O2     1s         1.0000   -0.0000    0.0003    0.0005   -0.0000   -0.0059   -0.0000   -0.0000    0.0000   -0.0140
        7 O2     2s        -0.0002   -0.0000    1.0001    0.0142   -0.0000   -0.0807   -0.0000   -0.0000    0.0000   -0.1623
        8 O2     2px        0.0000   -0.0000    0.0000    0.0000    0.9995    0.0000    0.0281   -0.0599   -0.0060    0.0000
        9 O2     2py        0.0000    0.0000   -0.0000    0.0000   -0.0287    0.0000    0.9796    0.0017   -0.2074   -0.0000
       10 O2     2pz       -0.0000   -0.0000   -0.0080    0.9917   -0.0000    0.1495   -0.0000    0.0000    0.0000    0.1753
--
 
 
      Input file to MOLDEN was generated!
 
 
++    Static properties:
      ------------------
 
 
      LoProp Charges per center
 

                   BE1      O2    
      Nuclear      4.0000   8.0000
      Electronic  -4.0008  -7.9992
 
      Total       -0.0008   0.0008
--
 
 
      All orbitals with orbital energies smaller than  E(LUMO)+0.5 are printed
 
++    Molecular orbitals:
      -------------------
 
      Title: UHF orbitals (beta)

      Molecular orbitals for symmetry species 1: a  
 
          Orbital            1         2         3         4         5         6         7         8         9        10    
          Energy          -20.7274   -4.6923   -1.2756   -0.6035   -0.5975   -0.2898   -0.0001    0.1135    0.1152    0.1329
          Occ. No.          1.0000    1.0000    1.0000    1.0000    1.0000    1.0000    0.0000    0.0000    0.0000    0.0000
 
        1 BE1    1s        -0.0000    1.0000   -0.0012    0.0077   -0.0000   -0.0009   -0.0000    0.0000    0.0000    0.0011
        2 BE1    2s        -0.0001    0.0021    0.0003   -0.0414    0.0000    1.0080   -0.0000    0.0000   -0.0000    0.0611
        3 BE1    2px       -0.0000   -0.0000    0.0000    0.0000    0.0016   -0.0000    0.0043    1.0013    0.0284   -0.0000
        4 BE1    2py        0.0000   -0.0000    0.0000    0.0000   -0.0000    0.0000    0.1500   -0.0287    0.9900    0.0000
        5 BE1    2pz       -0.0001    0.0003   -0.0007   -0.0179    0.0000   -0.0311    0.0000    0.0000   -0.0000    1.0234
        6 O2     1s         1.0000   -0.0000    0.0003    0.0005   -0.0000   -0.0059   -0.0000   -0.0000    0.0000   -0.0140
        7 O2     2s        -0.0002   -0.0000    1.0001    0.0142   -0.0000   -0.0807   -0.0000   -0.0000    0.0000   -0.1623
        8 O2     2px        0.0000   -0.0000    0.0000    0.0000    0.9995    0.0000    0.0281   -0.0599   -0.0060    0.0000
        9 O2     2py        0.0000    0.0000   -0.0000    0.0000   -0.0287    0.0000    0.9796    0.0017   -0.2074   -0.0000
       10 O2     2pz       -0.0000   -0.0000   -0.0080    0.9917   -0.0000    0.1495   -0.0000    0.0000    0.0000    0.1753
--
 
 
++    Molecular charges:
      ------------------
 
      Mulliken charges per centre and basis function type
      ---------------------------------------------------
 
                            BE1                     O2    
                     alpha        beta       alpha        beta
      1s           1.0000      1.0000      1.0000      1.0000
      2s           0.9983      0.9983      1.0001      1.0001
      2px          0.0001      0.0001      0.9991      0.9991
      2pz          0.0048      0.0048      0.9967      0.9967
      2py          0.0000      0.0000      0.0008      0.0008
      Total        2.0032      2.0032      3.9968      3.9968
      Total              4.0065                  7.9935
 
      Charge           -0.0065                  0.0065
 
      Total electronic charge=   12.000000
 
      Total            charge=   -0.000000
--
 
 
      Input file to MOLDEN was generated!
 
 
++    Static properties:
      ------------------
 
 
      LoProp Charges per center
 

                   BE1      O2    
      Nuclear      4.0000   8.0000
      Electronic  -4.0008  -7.9992
 
      Total       -0.0008   0.0008
--
 
 
++    Natural Bond Order analysis
      ---------------------------
      Based on LoProp computed density
      -------------------------------------------------------------------------------------
      Atom A       Atom B       Bond Order
      -------------------------------------------------------------------------------------
      NBO located      1.000 non-bonded electrons on atom BE1       
      NBO located      0.986 non-bonded electrons on atom BE1       
      The remaining    3.983 electrons are to be considered as diffuse
--
 
 
++    Molecular orbitals:
      -------------------
 
      Title: Natural orbitals

      Molecular orbitals for symmetry species 1: a  
 
          Orbital            1         2         3         4         5         6         7         8         9        10    
          Energy          -20.7274   -4.6923   -1.2756   -0.6034   -0.5974   -0.2897   -0.0001    0.1135    0.1152    0.1327
          Occ. No.          2.0000    2.0000    2.0000    2.0000    2.0000    2.0000    0.0000    0.0000    0.0000    0.0000
 
        1 BE1    1s        -0.0000    1.0000   -0.0012   -0.0077   -0.0000   -0.0009   -0.0000   -0.0000    0.0000    0.0006
        2 BE1    2s        -0.0001    0.0021    0.0003    0.0421   -0.0000    1.0070   -0.0000   -0.0000    0.0000    0.0749
        3 BE1    2px       -0.0000    0.0000   -0.0000   -0.0000    0.0054    0.0000    0.0043    1.0013    0.0284    0.0000
        4 BE1    2py        0.0000   -0.0000    0.0000   -0.0000   -0.0002    0.0000    0.1500   -0.0287    0.9900   -0.0000
        5 BE1    2pz       -0.0001    0.0009   -0.0003    0.0264    0.0000   -0.0456    0.0000   -0.0000   -0.0000    1.0226
        6 O2     1s         1.0000   -0.0000    0.0003   -0.0006    0.0000   -0.0057   -0.0000    0.0000    0.0000   -0.0141
        7 O2     2s        -0.0002   -0.0001    1.0000   -0.0156    0.0000   -0.0784   -0.0000    0.0000    0.0000   -0.1637
        8 O2     2px        0.0000    0.0000   -0.0000   -0.0000    0.9993    0.0000    0.0281   -0.0638   -0.0060   -0.0000
        9 O2     2py       -0.0000   -0.0000    0.0000   -0.0000   -0.0287    0.0000    0.9796    0.0018   -0.2074    0.0000
       10 O2     2pz       -0.0000    0.0001   -0.0080   -0.9902   -0.0000    0.1471   -0.0000   -0.0000    0.0000    0.1856
--
 
 
++    Molecular properties:
      ---------------------
 
      Charge (e):
                      =   -0.0000
      Dipole Moment (Debye):
      Origin of the operator (Ang)=    0.0000    0.0000    0.0000
                   X=  9.6119E-14               Y= -6.3854E-13               Z=  6.5032E-01           Total=  6.5032E-01
      Quadrupole Moment (Debye*Ang):
      Origin of the operator (Ang)=    0.0000    0.0000    1.7909
                  XX= -1.3085E+01              XY=  6.4722E-02              XZ= -2.1766E-13              YY= -1.0832E+01
                  YZ= -6.6075E-13              ZZ= -1.5307E+01
      In traceless form (Debye*Ang)
                  XX= -1.5349E-02              XY=  9.7083E-02              XZ= -3.2649E-13              YY=  3.3641E+00
                  YZ= -9.9112E-13              ZZ= -3.3487E+00
--
 
 
      Input file to MOLDEN was generated!
 
 ###############################################################################
 ###############################################################################
 ###                                                                         ###
 ###                                                                         ###
 ###    WARNING: RunFile label nBas                                          ###
 ###    was used       87 times                                              ###
 ###                                                                         ###
 ###                                                                         ###
 ###############################################################################
 ###############################################################################
--- Stop Module: scf at Mon Apr  1 18:33:06 2024 /rc=_RC_ALL_IS_WELL_ ---
*** files: 2.80.LprOrb 2.80.LoProp.molden 2.80.scf.molden 2.80.scf.h5 2.80.UhfOrb 2.80.UnaOrb xmldump
    saved to directory /home/grierjones/DDCASPT2/delta_ML/BeO/2.80

*** symbolic link created: INPORB -> 2.80.UnaOrb
--- Start Module: mbpt2 at Mon Apr  1 18:33:06 2024 ---
 
()()()()()()()()()()()()()()()()()()()()()()()()()()()()()()()()()()()()()()()()()()()()()()()()()()

                                               &MBPT2

                                   only a single process is used
                       available to each process: 2.0 GB of memory, 1 thread?
                                            pid: 243095
()()()()()()()()()()()()()()()()()()()()()()()()()()()()()()()()()()()()()()()()()()()()()()()()()()
 
 
 ###############################################################################
 ###############################################################################
 ###                                                                         ###
 ###                                                                         ###
 ###    WARNING: MP2 implementation intended for RHF references only         ###
 ###                                                                         ###
 ###                                                                         ###
 ###############################################################################
 ###############################################################################
MBPT2 WARNING: Reference function according to RunFile:UHF-SCF 
I'll assume you know what you're doing and continue
 
 
      Cartesian coordinates in Angstrom:
      -----------------------------------------------------
      No.  Label        X            Y            Z        
      -----------------------------------------------------
       1   BE1        0.00000000   0.00000000   0.00000000
       2   O2         0.00000000   0.00000000   2.80000000
      -----------------------------------------------------
      Nuclear repulsion energy =    6.04773955
 
      Contents of RUNFILE file:
      -------------------------
 
      Symmetry species                           1
                                                 a
      Number of basis functions                 10
      Frozen occupied orbitals                   2
      Active occupied orbitals                   4
      Active external orbitals                   4
      Deleted external orbitals                  0
 
 
      Reference numbers of frozen occupied orbitals according to the original input sequence
      symmetry species 1                        1  2
 
 
      Energies of the active occupied orbitals
 
      symmetry species 1                    -1.275592     -0.603460     -0.597453     -0.289769
 
 
      Energies of the active external orbitals
 
      symmetry species 1                    -0.000143      0.113489      0.115176      0.132878
 
 
      ********************************************************************************************************
      *                                               Results                                                *
      ********************************************************************************************************
 
 Conventional algorithm used...

       SCF energy                           =      -89.3057871297 a.u.
       Second-order correlation energy      =       -0.0329927239 a.u.

       Total energy                         =      -89.3387798535 a.u.
       Reference weight ( Cref**2 )         =        0.96974
 
::    Total MBPT2 energy                              -89.3387798535
 
 
       Zeroth-order energy (E0)             =      -50.3241066518 a.u.
 
       Shanks-type energy S1(E)             =      -89.3388078011 a.u.
 
 


       Data processing and timing information:

       Section                                              time(sec)
                                                          CPU  Elapsed

      Input data processing                              0.01      0.01
      Transformation of integrals                        0.00      0.00
      MBPT2 calculations (BJAI)                          0.00      0.00
      Total MBPT2 calculations                           0.01      0.01
 
 
--- Stop Module: mbpt2 at Mon Apr  1 18:33:06 2024 /rc=_RC_ALL_IS_WELL_ ---
*** files: xmldump
    saved to directory /home/grierjones/DDCASPT2/delta_ML/BeO/2.80

*** symbolic link created: INPORB -> 2.80.UnaOrb
--- Start Module: rasscf at Mon Apr  1 18:33:06 2024 ---
 
()()()()()()()()()()()()()()()()()()()()()()()()()()()()()()()()()()()()()()()()()()()()()()()()()()

                                              &RASSCF

                                   only a single process is used
                       available to each process: 2.0 GB of memory, 1 thread?
                                            pid: 243098
()()()()()()()()()()()()()()()()()()()()()()()()()()()()()()()()()()()()()()()()()()()()()()()()()()
 
 
      Header of the ONEINT file:
      --------------------------
      
      Integrals generated by Gateway/Seward, Mon Apr  1 18:33:06 2024
 
 
      OrdInt status: non-squared
 
 
      Cartesian coordinates in Angstrom:
      -----------------------------------------------------
      No.  Label        X            Y            Z        
      -----------------------------------------------------
       1   BE1        0.00000000   0.00000000   0.00000000
       2   O2         0.00000000   0.00000000   2.80000000
      -----------------------------------------------------
      Nuclear repulsion energy =    6.04773955
 
++    Wave function specifications:
      -----------------------------
 
      Number of closed shell electrons           8
      Number of electrons in active shells       2
      Max number of holes in RAS1 space          0
      Max nr of electrons in RAS3 space          0
      Number of inactive orbitals                4
      Number of active orbitals                  2
      Number of secondary orbitals               4
      Spin quantum number                      0.0
      State symmetry                             1
--
 
++    Orbital specifications:
      -----------------------
 
      Symmetry species                           1
                                                 a
      Frozen orbitals                            0
      Inactive orbitals                          4
      Active orbitals                            2
      RAS1 orbitals                              0
      RAS2 orbitals                              2
      RAS3 orbitals                              0
      Secondary orbitals                         4
      Deleted orbitals                           0
      Number of basis functions                 10
--
 
++    CI expansion specifications:
      ----------------------------
 
      Number of CSFs                             3
      Number of determinants                     3
      Number of root(s) required                 1
      Root chosen for geometry opt.              1
      CI root used                               1
         
      highest root included in the CI            1
      max. size of the explicit Hamiltonian      3
--
 
++    Optimization specifications:
      ----------------------------
 
      RASSCF algorithm: Conventional
      Maximum number of macro iterations       200
      Maximum number of SX iterations          100
      Threshold for RASSCF energy            1.000E-08
      Threshold for max MO rotation          1.000E-01
      Threshold for max BLB element          1.000E-04
      Level shift parameter                  5.000E-01
      Make Quasi-Newton update
--
 
      The MO-coefficients are taken from the file:
      /home/grierjones/DDCASPT2/delta_ML/BeO/2.70/2.70.RasOrb                                                                                                                                                                                                         
      Title: RASSCF average (pseudo-natural) orbitals                                      
 
      Total molecular charge    2.00
 
      ************************************************************************************************************************
      *                                                                                                                      *
      *                                            Wave function control section                                             *
      *                                                                                                                      *
      ************************************************************************************************************************
 
 
                                         RASSCF iterations: Energy and convergence statistics
                                         ----------------------------------------------------
 
      Iter CI   SX   CI       RASSCF       Energy    max ROT     max BLB   max BLB  Level Ln srch  Step   QN   Walltime
          iter iter root      energy       change     param      element    value   shift minimum  type update hh:mm:ss
 Nr of preliminary CI iterations:   1
        1   1    4    1   -88.39969616    0.00E+00  -3.91E-03    6  10 1  3.78E-03*  0.44   0.00    SX    NO    0:00:00
        2   1    4    1   -88.39973424   -3.81E-05*  1.65E-03    6  10 1  1.56E-03*  0.44   0.00    SX    NO    0:00:00
        3   1    3    1   -88.39974327   -9.03E-06*  9.68E-04    3   6 1 -8.74E-04*  0.44   0.00    SX    NO    0:00:00
        4   1    3    1   -88.39974567   -2.40E-06*  5.64E-04    3   6 1 -5.10E-04*  0.45   0.00    SX    NO    0:00:00
        5   1    3    1   -88.39974636   -6.90E-07*  6.77E-04    3   6 1 -2.96E-04*  0.45   2.20    LS   YES    0:00:00
        6   1    3    1   -88.39974665   -2.92E-07* -6.48E-05    6  10 1 -6.66E-05   0.45   1.00    QN   YES    0:00:00
        7   1    3    1   -88.39974666   -1.03E-08* -5.20E-05    6  10 1 -2.87E-05   0.45   1.83    QN   YES    0:00:00
        8   1    2    1   -88.39974667   -2.85E-09  -3.12E-06    4   9 1  5.47E-06   0.45   1.01    QN   YES    0:00:00
      Convergence after  8 iterations
        9   1    2    1   -88.39974667   -3.66E-11  -3.12E-06    4   9 1  3.44E-06   0.45   1.01    QN   YES    0:00:00
 
      ************************************************************************************************************************
                                                      Wave function printout:
                       occupation of active orbitals, and spin coupling of open shells (u,d: Spin up or down)
      ************************************************************************************************************************
 
      Note: transformation to natural orbitals
      has been made, which may change the order of the CSFs.
 
      printout of CI-coefficients larger than  0.05 for root  1
      energy=     -88.399747
      conf/sym  11     Coeff  Weight
             1  20  -0.51549 0.26573
             3  02   0.85690 0.73427
 
      Natural orbitals and occupation numbers for root  1
      sym 1:   0.531452   1.468548
 
      ************************************************************************************************************************
      *                                                                                                                      *
      *                                                    Final results                                                     *
      *                                                                                                                      *
      ************************************************************************************************************************
 
 
++    Wave function specifications:
      -----------------------------
 
      Number of closed shell electrons           8
      Number of electrons in active shells       2
      Max number of holes in RAS1 space          0
      Max nr of electrons in RAS3 space          0
      Number of inactive orbitals                4
      Number of active orbitals                  2
      Number of secondary orbitals               4
      Spin quantum number                      0.0
      State symmetry                             1
--
 
++    Orbital specifications:
      -----------------------
 
      Symmetry species                           1
                                                 a
      Frozen orbitals                            0
      Inactive orbitals                          4
      Active orbitals                            2
      RAS1 orbitals                              0
      RAS2 orbitals                              2
      RAS3 orbitals                              0
      Secondary orbitals                         4
      Deleted orbitals                           0
      Number of basis functions                 10
--
 
++    CI expansion specifications:
      ----------------------------
 
      Number of CSFs                             3
      Number of determinants                     3
      Number of root(s) required                 1
      CI root used                               1
      highest root included in the CI            1
      Root passed to geometry opt.               1
--
 
++    Final optimization conditions:
      ------------------------------
 
      Average CI energy                             -88.39974667
      RASSCF energy for state  1                    -88.39974667
      Super-CI energy                                -0.00000000
      RASSCF energy change                           -0.00000000
      Max change in MO coefficients               3.122E-06
      Max non-diagonal density matrix element    -3.121E-06
      Maximum BLB matrix element                  3.441E-06
      (orbital pair   4,   9 in symmetry   1)
      Norm of electronic gradient            3.749E-06
--
 
 
      Final state energy(ies):
      ------------------------
 
::    RASSCF root number  1 Total energy:    -88.39974667
 
++    Molecular orbitals:
      -------------------
 
      Pseudonatural active orbitals and approximate occupation numbers
 
 
 
 
      Molecular orbitals for symmetry species 1: a  
 
 
      Orbital                 1         2         3         4         5         6         7         8         9        10
      Energy           -21.1710   -5.6505   -1.6805   -0.9966   -0.5566    0.0003   -0.6389   -0.5012   -0.5008   -0.4815
      Occ. No.           2.0000    2.0000    2.0000    2.0000    0.5315    1.4685    0.0000    0.0000    0.0000    0.0000
 
     1 BE1    1s        -0.0000    1.0000   -0.0016    0.0000   -0.0000    0.0073    0.0008   -0.0000   -0.0000   -0.0021
     2 BE1    2s        -0.0001    0.0007    0.0051   -0.0000    0.0000   -0.1063    0.9991   -0.0000    0.0000   -0.1092
     3 BE1    2px        0.0000   -0.0000   -0.0000    0.0006    0.0099   -0.0000   -0.0000   -1.0002   -0.0533    0.0000
     4 BE1    2py       -0.0000    0.0000    0.0000    0.0107   -0.0005   -0.0000    0.0000    0.0533   -1.0002    0.0000
     5 BE1    2pz       -0.0002   -0.0002    0.0050   -0.0000    0.0000   -0.0857   -0.0884   -0.0000   -0.0000   -1.0165
     6 O2     1s         1.0000    0.0000    0.0003   -0.0000    0.0000    0.0019   -0.0051    0.0000   -0.0000    0.0142
     7 O2     2s        -0.0004    0.0002    0.9966   -0.0000   -0.0000    0.0880   -0.0693   -0.0000    0.0000    0.1653
     8 O2     2px       -0.0000    0.0000    0.0000    0.0531    0.9980    0.0000   -0.0000    0.0681    0.0037    0.0000
     9 O2     2py        0.0000   -0.0000    0.0000    0.9979   -0.0532   -0.0000    0.0000   -0.0036    0.0689   -0.0000
    10 O2     2pz       -0.0001   -0.0001   -0.0641    0.0000   -0.0000    0.9645    0.1957   -0.0000   -0.0000   -0.2531
--
 
      Von Neumann Entropy (Root   1) =  0.83526
 

      Mulliken population analysis for root number:  1
      -----------------------------------------------
 
 
++    Molecular charges:
      ------------------
 
      Mulliken charges per centre and basis function type
      ---------------------------------------------------
 
                BE1     O2    
      1s       2.0000  2.0000
      2s       0.0335  1.9975
      2px      0.0004  0.5352
      2pz      0.0285  1.4091
      2py      0.0015  1.9944
      Total    2.0638  7.9362
 
      N-E      1.9362  0.0638
 
      Total electronic charge=   10.000000
 
      Total            charge=    2.000000
--
 
 

      Expectation values of various properties for root number:  1
      -----------------------------------------------------------
 
 
++    Molecular properties:
      ---------------------
 
      Charge (e):
                      =    2.0000
      Dipole Moment (Debye):
      Origin of the operator (Ang)=    0.0000    0.0000    0.0000
                   X= -3.1090E-13               Y=  1.5769E-14               Z=  7.7098E-01           Total=  7.7098E-01
      Center of Charge (Ang)
                     X=   -0.00000000               Y=    0.00000000               Z=    0.08025714
      Quadrupole Moment (Debye*Ang):
      Origin of the operator (Ang)=    0.0000    0.0000    1.7909
                  XX= -4.7346E+00              XY= -8.8351E-02              XZ= -2.5164E-12              YY= -6.3887E+00
                  YZ=  1.3394E-13              ZZ=  2.5627E+01
      In traceless form (Debye*Ang)
                  XX= -1.4354E+01              XY= -1.3253E-01              XZ= -3.7746E-12              YY= -1.6835E+01
                  YZ=  2.0091E-13              ZZ=  3.1189E+01
--
 

      LoProp population analysis for root number:  1
      -----------------------------------------------
 
 
++    LoProp analysis:
      ----------------
 
 
 
      Input file to MOLDEN was generated!
 
 
++    Static properties:
      ------------------
 
 
      LoProp Charges per center
 

                   BE1      O2    
      Nuclear      4.0000   8.0000
      Electronic  -2.0515  -7.9485
 
      Total        1.9485   0.0515
--
 
 
      Natural Bond Order analysis for root number:  1
 
++    Natural Bond Order analysis
      ---------------------------
      Based on LoProp computed density
      -------------------------------------------------------------------------------------
      Atom A       Atom B       Bond Order
      -------------------------------------------------------------------------------------
      NBO located      1.000 non-bonded electrons on atom BE1       
      The remaining    4.036 electrons are to be considered as diffuse
--
 
--
 
 
      Input file to MOLDEN was generated!
 
      Average orbitals are written to the RASORB file
      Natural orbitals for root   1 are written to the RASORB.1 file
      Spin density orbitals for root   1 are written to the SPDORB.1 file
 
--- Stop Module: rasscf at Mon Apr  1 18:33:07 2024 /rc=_RC_ALL_IS_WELL_ ---
*** files: 2.80.LprOrb 2.80.rasscf.molden 2.80.LoProp.molden 2.80.RasOrb.1 2.80.RasOrb 2.80.rasscf.h5 2.80.SpdOrb.1 xmldump
    saved to directory /home/grierjones/DDCASPT2/delta_ML/BeO/2.80

*** symbolic link created: INPORB -> 2.80.RasOrb
--- Start Module: caspt2 at Mon Apr  1 18:33:07 2024 ---
 
()()()()()()()()()()()()()()()()()()()()()()()()()()()()()()()()()()()()()()()()()()()()()()()()()()

                                              &CASPT2

                                   only a single process is used
                       available to each process: 2.0 GB of memory, 1 thread?
                                            pid: 243101
()()()()()()()()()()()()()()()()()()()()()()()()()()()()()()()()()()()()()()()()()()()()()()()()()()
 
 
++    Wave function specifications:
      -----------------------------
 
      Number of closed shell electrons           4
      Number of electrons in active shells       2
      Max number of holes in RAS1 space          0
      Max number of electrons in RAS3 space      0
      Number of inactive orbitals                2
      Number of active orbitals                  2
      Number of secondary orbitals               4
      Spin quantum number                      0.0
      State symmetry                             1
      Number of CSFs                             3
      Number of CASSCF root(s) available         1
      CASPT2 state passed to geometry opt.       1
      A file JOBMIX will be created
      This is a CASSCF or RASSCF reference function
--
 
++    Orbital specifications:
      -----------------------
 
      Symmetry species                           1
                                                 a
      Frozen orbitals                            2
      Inactive orbitals                          2
      Active orbitals                            2
      Secondary orbitals                         4
      Deleted orbitals                           0
      Number of basis functions                 10
--
 
++    CASPT2 specifications:
      ----------------------
 
      Type of calculation                        SS-CASPT2
      Fock operator                              state-specific
      IPEA shift                                 0.25
      Real shift                                 0.00
      Imaginary shift                            0.00
      The input orbitals will be transformed to quasi-canonical
--
 
--------------------------------------------------------------------------------
 Estimated memory requirements:
  POLY3 :                   250070
  RHS:                      250292
  SIGMA :                   250256
  PRPCTL:                        0
 Available workspace:    230392759
 
++ CASPT2 computation for group   1
 
********************************************************************************
 Multi-State initialization phase begins for group   1
--------------------------------------------------------------------------------
********************************************************************************
 Compute H0 matrices for state    1
--------------------------------------------------------------------------------
--------------------------------------------------------------------------------
 H0 matrices have been computed.
 
********************************************************************************
  CASPT2 EQUATION SOLUTION
--------------------------------------------------------------------------------
 
  Total nr of CASPT2 parameters:
   Before reduction:         290
   After  reduction:         189
 
 Variance of |WF0>:       0.0065079846
 
 The contributions to the second order correlation energy in atomic units.
-----------------------------------------------------------------------------------------------------------------------------
  IT.      VJTU        VJTI        ATVX        AIVX        VJAI        BVAT        BJAT        BJAI        TOTAL       RNORM  
-----------------------------------------------------------------------------------------------------------------------------
   1     0.000000   -0.001733   -0.000000   -0.000045   -0.000368   -0.002549   -0.000438   -0.000137   -0.005271    0.000645
   2     0.000000   -0.001735   -0.000000   -0.000045   -0.000368   -0.002593   -0.000440   -0.000137   -0.005319    0.000032
   3     0.000000   -0.001735   -0.000000   -0.000045   -0.000368   -0.002594   -0.000440   -0.000137   -0.005318    0.000002
-----------------------------------------------------------------------------------------------------------------------------
 
  FINAL CASPT2 RESULT:
 
      Reference energy:         -88.3997466665
      E2 (Non-variational):      -0.0053182106
      E2 (Variational):          -0.0053182116
      Total energy:             -88.4050648781
      Residual norm:              0.0000001165
      Reference weight:           0.99301
 
      Contributions to the CASPT2 correlation energy
      Active & Virtual Only:         -0.0025935387
      One Inactive Excited:          -0.0004849718
      Two Inactive Excited:          -0.0022397001
 
 
++ Denominators, etc.
--------------------------------------------------------------------------------------------------------------
 Report on small energy denominators, large coefficients, and large energy contributions.
CASE  SYMM ACTIVE-MIX  NON-ACTIVE INDICES          DENOMINATOR     RHS VALUE       COEFFICIENT     CONTRIBUTION
VJTIP    1  Mu1.0001  In1.003 In1.003               2.21787508     -0.05740967      0.02606874     -0.00149660
ATVX     1  Mu1.0001  Se1.007                       0.18584090     -0.00000044     -0.01317963      0.00000001
BVATP    1  Mu1.0001  Se1.007 Se1.007               0.38863204      0.01599928     -0.04230004     -0.00067677
BVATP    1  Mu1.0001  Se1.010 Se1.007               0.54607350     -0.02566741      0.04793333     -0.00123032
BVATP    1  Mu1.0001  Se1.010 Se1.010               0.70351496      0.02172206     -0.03125147     -0.00067885
--
 
   (Skipping property calculation,
    use PROP keyword to activate)
--
 
  Total CASPT2 energies:
::    CASPT2 Root  1     Total energy:    -88.40506488
 
  A NEW JOBIPH FILE NAMED 'JOBMIX' IS PREPARED.
********************************************************************************
--- Stop Module: caspt2 at Mon Apr  1 18:33:07 2024 /rc=_RC_ALL_IS_WELL_ ---
*** files: xmldump
    saved to directory /home/grierjones/DDCASPT2/delta_ML/BeO/2.80

.##################.
.# Happy landing! #.
.##################.

    Timing: Wall=1.18 User=0.89 System=0.18
************************************
*** WorkDir at /tmp/2.80 removed ***
************************************
